2024-11-12 18:13:27.520 INFO: Configuration: Namespace(name='gaunt-3bpa', seed=6, log_dir='logs', checkpoints_dir='checkpoints', results_dir='results', downloads_dir='downloads', device='cuda', default_dtype='float32', log_level='INFO', model='EquivariantRealScaleShiftNonLinearBodyOrderedModel', r_max=5.0, degrees=None, num_radial_basis=8, num_cutoff_basis=5, num_radial_coupling=1, interaction='RealAgnosticResidualInteractionBlock', interaction_first='RealAgnosticResidualInteractionBlock', max_ell=3, correlation=3, num_interactions=2, MLP_irreps='16x0e', hidden_irreps='256x0e + 256x1o + 256x2e', gate='silu', scaling='rms_forces_scaling', avg_num_neighbors=1, compute_avg_num_neighbors=True, dataset='3bpa', subset='train_300K', split=None, loss='weighted', forces_weight=1000.0, energy_weight=1.0, optimizer='adam', batch_size=5, lr=0.01, weight_decay=5e-07, amsgrad=True, scheduler='ReduceLROnPlateau', lr_factor=0.8, scheduler_partience=50, lr_scheduler_gamma=0.9993, swa=False, ema=True, ema_decay=0.99, max_num_epochs=2000, patience=256, eval_interval=2, keep_checkpoints=False, restart_latest=True)
2024-11-12 18:13:27.732 INFO: CUDA version: 11.7, CUDA device: 0
2024-11-12 18:13:27.732 INFO: Loading 3BPA dataset
2024-11-12 18:13:31.518 INFO: Number of configurations: train=450, valid=50, tests=[1669, 2138, 2139, 7047]
2024-11-12 18:13:31.520 INFO: AtomicNumberTable: (1, 6, 7, 8)
2024-11-12 18:13:32.329 INFO: WeightedEnergyForcesLoss(energy_weight=1.000, forces_weight=1000.000)
2024-11-12 18:13:32.368 INFO: Average number of neighbors: 16.712
2024-11-12 18:13:32.368 INFO: Building model
2024-11-12 18:13:33.586 WARNING: Cannot find checkpoint with tag 'gaunt-3bpa_run-6' in 'checkpoints'
2024-11-12 18:13:33.587 INFO: EquivariantRealScaleShiftNonLinearBodyOrderedModel(
  (node_embedding): LinearNodeEmbeddingBlock(
    (linear): Linear(4x0e -> 256x0e | 1024 weights)
  )
  (radial_embedding): RadialEmbeddingBlock(
    (bessel_fn): BesselBasis(r_max=5.0, num_basis=8, trainable=False)
    (cutoff_fn): PolynomialCutoff(p=5.0, r_max=5.0)
  )
  (spherical_harmonics): SphericalHarmonics()
  (atomic_energies_fn): AtomicEnergiesBlock(energies=[-13.5872, -1029.4890, -1484.9814, -2041.9816])
  (interactions): ModuleList(
    (0): RealAgnosticResidualInteractionBlock(
      (linear_up): Linear(256x0e -> 256x0e | 65536 weights)
      (conv_tp): TensorProduct(256x0e x 1x0e+1x1o+1x2e+1x3o -> 256x0e+256x1o+256x2e+256x3o | 1024 paths | 1024 weights)
      (conv_tp_weights): FullyConnectedNet[8, 64, 64, 64, 1024]
      (linear): Linear(256x0e+256x1o+256x2e+256x3o -> 256x0e+256x1o+256x2e+256x3o | 262144 weights)
      (skip_tp): FullyConnectedTensorProduct(256x0e x 4x0e -> 256x0e+256x1o+256x2e | 262144 paths | 262144 weights)
      (reshape): reshape_irreps()
    )
    (1): RealAgnosticResidualInteractionBlock(
      (linear_up): Linear(256x0e+256x1o+256x2e -> 256x0e+256x1o+256x2e | 196608 weights)
      (conv_tp): TensorProduct(256x0e+256x1o+256x2e x 1x0e+1x1o+1x2e+1x3o -> 768x0e+1280x1o+1280x2e+1024x3o | 4352 paths | 4352 weights)
      (conv_tp_weights): FullyConnectedNet[8, 64, 64, 64, 4352]
      (linear): Linear(768x0e+1280x1o+1280x2e+1024x3o -> 256x0e+256x1o+256x2e+256x3o | 1114112 weights)
      (skip_tp): FullyConnectedTensorProduct(256x0e+256x1o+256x2e x 4x0e -> 256x0e | 262144 paths | 262144 weights)
      (reshape): reshape_irreps()
    )
  )
  (products): ModuleList(
    (0): EquivariantProductBasisBlock(
      (efficient_multi_tensorproduct): EfficientMultiTensorProduct(
        (weights): ParameterDict(
            (1): Parameter containing: [torch.cuda.FloatTensor of size 1x4x256x3 (GPU 0)]
            (2): Parameter containing: [torch.cuda.FloatTensor of size 1x4x256x3 (GPU 0)]
            (3): Parameter containing: [torch.cuda.FloatTensor of size 1x4x256x3 (GPU 0)]
        )
      )
      (linear): Linear(256x0e+256x1o+256x2e -> 256x0e+256x1o+256x2e | 196608 weights)
    )
    (1): EquivariantProductBasisBlock(
      (efficient_multi_tensorproduct): EfficientMultiTensorProduct(
        (weights): ParameterDict(
            (1): Parameter containing: [torch.cuda.FloatTensor of size 1x4x256x1 (GPU 0)]
            (2): Parameter containing: [torch.cuda.FloatTensor of size 1x4x256x1 (GPU 0)]
            (3): Parameter containing: [torch.cuda.FloatTensor of size 1x4x256x1 (GPU 0)]
        )
      )
      (linear): Linear(256x0e -> 256x0e | 65536 weights)
    )
  )
  (readouts): ModuleList(
    (0): LinearReadoutBlock(
      (linear): Linear(256x0e+256x1o+256x2e -> 1x0e | 256 weights)
    )
    (1): NonLinearReadoutBlock(
      (linear_1): Linear(256x0e -> 16x0e | 4096 weights)
      (non_linearity): Activation [x] (16x0e -> 16x0e)
      (linear_2): Linear(16x0e -> 1x0e | 16 weights)
    )
  )
  (scale_shift): ScaleShiftBlock(scale=0.945654, shift=-4.873201)
)
2024-11-12 18:13:33.589 INFO: Number of parameters: 2803984
2024-11-12 18:13:33.589 INFO: Optimizer: Adam (
Parameter Group 0
    amsgrad: True
    betas: (0.9, 0.999)
    capturable: False
    differentiable: False
    eps: 1e-08
    foreach: None
    fused: False
    lr: 0.01
    maximize: False
    name: embedding
    weight_decay: 0.0

Parameter Group 1
    amsgrad: True
    betas: (0.9, 0.999)
    capturable: False
    differentiable: False
    eps: 1e-08
    foreach: None
    fused: False
    lr: 0.01
    maximize: False
    name: interactions
    weight_decay: 5e-07

Parameter Group 2
    amsgrad: True
    betas: (0.9, 0.999)
    capturable: False
    differentiable: False
    eps: 1e-08
    foreach: None
    fused: False
    lr: 0.01
    maximize: False
    name: products
    weight_decay: 0.0

Parameter Group 3
    amsgrad: True
    betas: (0.9, 0.999)
    capturable: False
    differentiable: False
    eps: 1e-08
    foreach: None
    fused: False
    lr: 0.01
    maximize: False
    name: readouts
    weight_decay: 0.0
)
2024-11-12 18:13:33.589 INFO: Started training
2024-11-12 18:14:05.305 INFO: Epoch 0: loss=44.7028
2024-11-12 18:14:49.685 INFO: Epoch 2: loss=8.3191
2024-11-12 18:15:34.024 INFO: Epoch 4: loss=4.9052
2024-11-12 18:16:18.421 INFO: Epoch 6: loss=3.5296
2024-11-12 18:17:02.729 INFO: Epoch 8: loss=2.7335
2024-11-12 18:17:47.247 INFO: Epoch 10: loss=2.2178
2024-11-12 18:18:31.479 INFO: Epoch 12: loss=1.8776
2024-11-12 18:19:15.774 INFO: Epoch 14: loss=1.6277
2024-11-12 18:20:00.149 INFO: Epoch 16: loss=1.4218
2024-11-12 18:20:44.579 INFO: Epoch 18: loss=1.2786
2024-11-12 18:21:28.990 INFO: Epoch 20: loss=1.1328
2024-11-12 18:22:13.382 INFO: Epoch 22: loss=1.0227
2024-11-12 18:22:57.745 INFO: Epoch 24: loss=0.9579
2024-11-12 18:23:42.170 INFO: Epoch 26: loss=0.8793
2024-11-12 18:24:26.609 INFO: Epoch 28: loss=0.8108
2024-11-12 18:25:11.005 INFO: Epoch 30: loss=0.7515
2024-11-12 18:25:55.437 INFO: Epoch 32: loss=0.7033
2024-11-12 18:26:39.877 INFO: Epoch 34: loss=0.6565
2024-11-12 18:27:24.272 INFO: Epoch 36: loss=0.6175
2024-11-12 18:28:08.694 INFO: Epoch 38: loss=0.5819
2024-11-12 18:28:53.102 INFO: Epoch 40: loss=0.5634
2024-11-12 18:29:37.563 INFO: Epoch 42: loss=0.5332
2024-11-12 18:30:21.977 INFO: Epoch 44: loss=0.5118
2024-11-12 18:31:06.373 INFO: Epoch 46: loss=0.4934
2024-11-12 18:31:50.736 INFO: Epoch 48: loss=0.4666
2024-11-12 18:32:35.055 INFO: Epoch 50: loss=0.4531
2024-11-12 18:33:19.572 INFO: Epoch 52: loss=0.4358
2024-11-12 18:34:04.215 INFO: Epoch 54: loss=0.4201
2024-11-12 18:34:48.515 INFO: Epoch 56: loss=0.4091
2024-11-12 18:35:32.835 INFO: Epoch 58: loss=0.3940
2024-11-12 18:36:17.150 INFO: Epoch 60: loss=0.3851
2024-11-12 18:37:01.428 INFO: Epoch 62: loss=0.3769
2024-11-12 18:37:45.798 INFO: Epoch 64: loss=0.3688
2024-11-12 18:38:29.823 INFO: Epoch 66: loss=0.3592
2024-11-12 18:39:14.186 INFO: Epoch 68: loss=0.3502
2024-11-12 18:39:58.534 INFO: Epoch 70: loss=0.3458
2024-11-12 18:40:42.852 INFO: Epoch 72: loss=0.3357
2024-11-12 18:41:27.101 INFO: Epoch 74: loss=0.3277
2024-11-12 18:42:11.411 INFO: Epoch 76: loss=0.3204
2024-11-12 18:42:55.706 INFO: Epoch 78: loss=0.3144
2024-11-12 18:43:40.013 INFO: Epoch 80: loss=0.3075
2024-11-12 18:44:24.283 INFO: Epoch 82: loss=0.3023
2024-11-12 18:45:08.534 INFO: Epoch 84: loss=0.2986
2024-11-12 18:45:52.802 INFO: Epoch 86: loss=0.2885
2024-11-12 18:46:37.047 INFO: Epoch 88: loss=0.2899
2024-11-12 18:47:21.297 INFO: Epoch 90: loss=0.2876
2024-11-12 18:48:05.537 INFO: Epoch 92: loss=0.2777
2024-11-12 18:48:49.797 INFO: Epoch 94: loss=0.2738
2024-11-12 18:49:34.072 INFO: Epoch 96: loss=0.2698
2024-11-12 18:50:18.386 INFO: Epoch 98: loss=0.2664
2024-11-12 18:51:02.656 INFO: Epoch 100: loss=0.2643
2024-11-12 18:51:46.884 INFO: Epoch 102: loss=0.2620
2024-11-12 18:52:31.149 INFO: Epoch 104: loss=0.2602
2024-11-12 18:53:15.400 INFO: Epoch 106: loss=0.2553
2024-11-12 18:53:59.784 INFO: Epoch 108: loss=0.2540
2024-11-12 18:54:44.112 INFO: Epoch 110: loss=0.2524
2024-11-12 18:55:28.426 INFO: Epoch 112: loss=0.2531
2024-11-12 18:56:12.740 INFO: Epoch 114: loss=0.2469
2024-11-12 18:56:57.059 INFO: Epoch 116: loss=0.2444
2024-11-12 18:57:41.413 INFO: Epoch 118: loss=0.2434
2024-11-12 18:58:25.771 INFO: Epoch 120: loss=0.2420
2024-11-12 18:59:10.124 INFO: Epoch 122: loss=0.2369
2024-11-12 18:59:54.522 INFO: Epoch 124: loss=0.2335
2024-11-12 19:00:38.864 INFO: Epoch 126: loss=0.2313
2024-11-12 19:01:23.203 INFO: Epoch 128: loss=0.2295
2024-11-12 19:02:07.513 INFO: Epoch 130: loss=0.2282
2024-11-12 19:02:51.866 INFO: Epoch 132: loss=0.2287
2024-11-12 19:03:36.157 INFO: Epoch 134: loss=0.2237
2024-11-12 19:04:20.605 INFO: Epoch 136: loss=0.2216
2024-11-12 19:05:04.940 INFO: Epoch 138: loss=0.2190
2024-11-12 19:05:49.285 INFO: Epoch 140: loss=0.2163
2024-11-12 19:06:33.604 INFO: Epoch 142: loss=0.2159
2024-11-12 19:07:17.896 INFO: Epoch 144: loss=0.2162
2024-11-12 19:08:02.199 INFO: Epoch 146: loss=0.2134
2024-11-12 19:08:46.638 INFO: Epoch 148: loss=0.2128
2024-11-12 19:09:31.030 INFO: Epoch 150: loss=0.2132
2024-11-12 19:10:15.270 INFO: Epoch 152: loss=0.2098
2024-11-12 19:11:00.021 INFO: Epoch 154: loss=0.2084
2024-11-12 19:11:44.627 INFO: Epoch 156: loss=0.2075
2024-11-12 19:12:29.201 INFO: Epoch 158: loss=0.2061
2024-11-12 19:13:13.744 INFO: Epoch 160: loss=0.2040
2024-11-12 19:13:58.310 INFO: Epoch 162: loss=0.2022
2024-11-12 19:14:42.893 INFO: Epoch 164: loss=0.2018
2024-11-12 19:15:27.432 INFO: Epoch 166: loss=0.2004
2024-11-12 19:16:12.020 INFO: Epoch 168: loss=0.1972
2024-11-12 19:16:56.606 INFO: Epoch 170: loss=0.1969
2024-11-12 19:17:41.224 INFO: Epoch 172: loss=0.1960
2024-11-12 19:18:25.812 INFO: Epoch 174: loss=0.1948
2024-11-12 19:19:10.415 INFO: Epoch 176: loss=0.1951
2024-11-12 19:19:54.960 INFO: Epoch 178: loss=0.1933
2024-11-12 19:20:39.528 INFO: Epoch 180: loss=0.1924
2024-11-12 19:21:24.109 INFO: Epoch 182: loss=0.1903
2024-11-12 19:22:08.669 INFO: Epoch 184: loss=0.1892
2024-11-12 19:22:53.230 INFO: Epoch 186: loss=0.1884
2024-11-12 19:23:37.870 INFO: Epoch 188: loss=0.1878
2024-11-12 19:24:22.527 INFO: Epoch 190: loss=0.1863
2024-11-12 19:25:07.128 INFO: Epoch 192: loss=0.1847
2024-11-12 19:25:51.760 INFO: Epoch 194: loss=0.1827
2024-11-12 19:26:36.389 INFO: Epoch 196: loss=0.1823
2024-11-12 19:27:21.028 INFO: Epoch 198: loss=0.1819
2024-11-12 19:28:05.621 INFO: Epoch 200: loss=0.1831
2024-11-12 19:28:50.168 INFO: Epoch 202: loss=0.1811
2024-11-12 19:29:34.746 INFO: Epoch 204: loss=0.1798
2024-11-12 19:30:19.344 INFO: Epoch 206: loss=0.1784
2024-11-12 19:31:03.972 INFO: Epoch 208: loss=0.1772
2024-11-12 19:31:48.545 INFO: Epoch 210: loss=0.1773
2024-11-12 19:32:33.071 INFO: Epoch 212: loss=0.1769
2024-11-12 19:33:17.647 INFO: Epoch 214: loss=0.1767
2024-11-12 19:34:02.227 INFO: Epoch 216: loss=0.1767
2024-11-12 19:34:46.766 INFO: Epoch 218: loss=0.1745
2024-11-12 19:35:31.330 INFO: Epoch 220: loss=0.1748
2024-11-12 19:36:15.849 INFO: Epoch 222: loss=0.1741
2024-11-12 19:37:00.373 INFO: Epoch 224: loss=0.1734
2024-11-12 19:37:45.087 INFO: Epoch 226: loss=0.1718
2024-11-12 19:38:29.710 INFO: Epoch 228: loss=0.1701
2024-11-12 19:39:14.305 INFO: Epoch 230: loss=0.1703
2024-11-12 19:39:58.800 INFO: Epoch 232: loss=0.1694
2024-11-12 19:40:43.420 INFO: Epoch 234: loss=0.1682
2024-11-12 19:41:28.023 INFO: Epoch 236: loss=0.1672
2024-11-12 19:42:12.573 INFO: Epoch 238: loss=0.1671
2024-11-12 19:42:57.136 INFO: Epoch 240: loss=0.1660
2024-11-12 19:43:41.676 INFO: Epoch 242: loss=0.1654
2024-11-12 19:44:26.286 INFO: Epoch 244: loss=0.1643
2024-11-12 19:45:10.862 INFO: Epoch 246: loss=0.1627
2024-11-12 19:45:55.442 INFO: Epoch 248: loss=0.1631
2024-11-12 19:46:39.995 INFO: Epoch 250: loss=0.1621
2024-11-12 19:47:24.594 INFO: Epoch 252: loss=0.1620
2024-11-12 19:48:09.193 INFO: Epoch 254: loss=0.1615
2024-11-12 19:48:53.739 INFO: Epoch 256: loss=0.1607
2024-11-12 19:49:38.373 INFO: Epoch 258: loss=0.1604
2024-11-12 19:50:23.018 INFO: Epoch 260: loss=0.1619
2024-11-12 19:51:07.581 INFO: Epoch 262: loss=0.1607
2024-11-12 19:51:52.146 INFO: Epoch 264: loss=0.1598
2024-11-12 19:52:36.744 INFO: Epoch 266: loss=0.1592
2024-11-12 19:53:21.331 INFO: Epoch 268: loss=0.1592
2024-11-12 19:54:05.834 INFO: Epoch 270: loss=0.1585
2024-11-12 19:54:50.612 INFO: Epoch 272: loss=0.1580
2024-11-12 19:55:35.228 INFO: Epoch 274: loss=0.1575
2024-11-12 19:56:19.795 INFO: Epoch 276: loss=0.1559
2024-11-12 19:57:04.366 INFO: Epoch 278: loss=0.1560
2024-11-12 19:57:49.005 INFO: Epoch 280: loss=0.1544
2024-11-12 19:58:33.548 INFO: Epoch 282: loss=0.1551
2024-11-12 19:59:17.998 INFO: Epoch 284: loss=0.1558
2024-11-12 20:00:02.471 INFO: Epoch 286: loss=0.1545
2024-11-12 20:00:46.946 INFO: Epoch 288: loss=0.1536
2024-11-12 20:01:31.174 INFO: Epoch 290: loss=0.1537
2024-11-12 20:02:15.637 INFO: Epoch 292: loss=0.1525
2024-11-12 20:03:00.183 INFO: Epoch 294: loss=0.1518
2024-11-12 20:03:44.720 INFO: Epoch 296: loss=0.1516
2024-11-12 20:04:29.291 INFO: Epoch 298: loss=0.1511
2024-11-12 20:05:13.897 INFO: Epoch 300: loss=0.1506
2024-11-12 20:05:58.569 INFO: Epoch 302: loss=0.1506
2024-11-12 20:06:43.182 INFO: Epoch 304: loss=0.1492
2024-11-12 20:07:27.770 INFO: Epoch 306: loss=0.1495
2024-11-12 20:08:12.314 INFO: Epoch 308: loss=0.1489
2024-11-12 20:08:57.657 INFO: Epoch 310: loss=0.1489
2024-11-12 20:09:42.245 INFO: Epoch 312: loss=0.1481
2024-11-12 20:10:26.821 INFO: Epoch 314: loss=0.1477
2024-11-12 20:11:11.432 INFO: Epoch 316: loss=0.1474
2024-11-12 20:11:55.973 INFO: Epoch 318: loss=0.1469
2024-11-12 20:12:40.575 INFO: Epoch 320: loss=0.1475
2024-11-12 20:13:25.085 INFO: Epoch 322: loss=0.1464
2024-11-12 20:14:09.659 INFO: Epoch 324: loss=0.1464
2024-11-12 20:14:54.309 INFO: Epoch 326: loss=0.1458
2024-11-12 20:15:38.928 INFO: Epoch 328: loss=0.1450
2024-11-12 20:16:23.512 INFO: Epoch 330: loss=0.1453
2024-11-12 20:17:08.030 INFO: Epoch 332: loss=0.1442
2024-11-12 20:17:52.617 INFO: Epoch 334: loss=0.1434
2024-11-12 20:18:37.174 INFO: Epoch 336: loss=0.1429
2024-11-12 20:19:21.765 INFO: Epoch 338: loss=0.1424
2024-11-12 20:20:06.368 INFO: Epoch 340: loss=0.1420
2024-11-12 20:20:50.931 INFO: Epoch 342: loss=0.1423
2024-11-12 20:21:35.463 INFO: Epoch 344: loss=0.1429
2024-11-12 20:22:19.957 INFO: Epoch 346: loss=0.1419
2024-11-12 20:23:04.525 INFO: Epoch 348: loss=0.1414
2024-11-12 20:23:49.046 INFO: Epoch 350: loss=0.1411
2024-11-12 20:24:33.636 INFO: Epoch 352: loss=0.1410
2024-11-12 20:25:18.210 INFO: Epoch 354: loss=0.1406
2024-11-12 20:26:02.726 INFO: Epoch 356: loss=0.1398
2024-11-12 20:26:47.294 INFO: Epoch 358: loss=0.1412
2024-11-12 20:27:31.776 INFO: Epoch 360: loss=0.1401
2024-11-12 20:28:16.249 INFO: Epoch 362: loss=0.1385
2024-11-12 20:29:00.837 INFO: Epoch 364: loss=0.1388
2024-11-12 20:29:45.353 INFO: Epoch 366: loss=0.1387
2024-11-12 20:30:29.855 INFO: Epoch 368: loss=0.1384
2024-11-12 20:31:14.436 INFO: Epoch 370: loss=0.1382
2024-11-12 20:31:59.039 INFO: Epoch 372: loss=0.1377
2024-11-12 20:32:43.599 INFO: Epoch 374: loss=0.1379
2024-11-12 20:33:28.100 INFO: Epoch 376: loss=0.1380
2024-11-12 20:34:12.635 INFO: Epoch 378: loss=0.1375
2024-11-12 20:34:57.195 INFO: Epoch 380: loss=0.1367
2024-11-12 20:35:41.759 INFO: Epoch 382: loss=0.1358
2024-11-12 20:36:26.266 INFO: Epoch 384: loss=0.1367
2024-11-12 20:37:10.768 INFO: Epoch 386: loss=0.1360
2024-11-12 20:37:55.317 INFO: Epoch 388: loss=0.1357
2024-11-12 20:38:39.911 INFO: Epoch 390: loss=0.1356
2024-11-12 20:39:24.500 INFO: Epoch 392: loss=0.1354
2024-11-12 20:40:09.106 INFO: Epoch 394: loss=0.1353
2024-11-12 20:40:53.673 INFO: Epoch 396: loss=0.1344
2024-11-12 20:41:38.237 INFO: Epoch 398: loss=0.1345
2024-11-12 20:42:22.783 INFO: Epoch 400: loss=0.1345
2024-11-12 20:43:07.282 INFO: Epoch 402: loss=0.1340
2024-11-12 20:43:51.845 INFO: Epoch 404: loss=0.1334
2024-11-12 20:44:36.452 INFO: Epoch 406: loss=0.1343
2024-11-12 20:45:21.028 INFO: Epoch 408: loss=0.1329
2024-11-12 20:46:05.600 INFO: Epoch 410: loss=0.1322
2024-11-12 20:46:50.217 INFO: Epoch 412: loss=0.1332
2024-11-12 20:47:34.720 INFO: Epoch 414: loss=0.1322
2024-11-12 20:48:19.375 INFO: Epoch 416: loss=0.1310
2024-11-12 20:49:03.964 INFO: Epoch 418: loss=0.1315
2024-11-12 20:49:48.518 INFO: Epoch 420: loss=0.1315
2024-11-12 20:50:33.061 INFO: Epoch 422: loss=0.1315
2024-11-12 20:51:17.638 INFO: Epoch 424: loss=0.1316
2024-11-12 20:52:02.145 INFO: Epoch 426: loss=0.1307
2024-11-12 20:52:46.757 INFO: Epoch 428: loss=0.1307
2024-11-12 20:53:31.207 INFO: Epoch 430: loss=0.1314
2024-11-12 20:54:15.727 INFO: Epoch 432: loss=0.1305
2024-11-12 20:55:00.257 INFO: Epoch 434: loss=0.1304
2024-11-12 20:55:44.859 INFO: Epoch 436: loss=0.1300
2024-11-12 20:56:29.442 INFO: Epoch 438: loss=0.1295
2024-11-12 20:57:13.945 INFO: Epoch 440: loss=0.1299
2024-11-12 20:57:58.498 INFO: Epoch 442: loss=0.1292
2024-11-13 11:33:08.658 INFO: Configuration: Namespace(name='gaunt-3bpa', seed=6, log_dir='logs', checkpoints_dir='checkpoints', results_dir='results', downloads_dir='downloads', device='cuda', default_dtype='float32', log_level='INFO', model='EquivariantRealScaleShiftNonLinearBodyOrderedModel', r_max=5.0, degrees=None, num_radial_basis=8, num_cutoff_basis=5, num_radial_coupling=1, interaction='RealAgnosticResidualInteractionBlock', interaction_first='RealAgnosticResidualInteractionBlock', max_ell=3, correlation=3, num_interactions=2, MLP_irreps='16x0e', hidden_irreps='256x0e + 256x1o + 256x2e', gate='silu', scaling='rms_forces_scaling', avg_num_neighbors=1, compute_avg_num_neighbors=True, dataset='3bpa', subset='train_300K', split=None, loss='weighted', forces_weight=1000.0, energy_weight=1.0, optimizer='adam', batch_size=5, lr=0.01, weight_decay=5e-07, amsgrad=True, scheduler='ReduceLROnPlateau', lr_factor=0.8, scheduler_partience=50, lr_scheduler_gamma=0.9993, swa=False, ema=True, ema_decay=0.99, max_num_epochs=2000, patience=256, eval_interval=2, keep_checkpoints=False, restart_latest=True)
2024-11-13 11:33:08.878 INFO: CUDA version: 11.7, CUDA device: 0
2024-11-13 11:33:08.878 INFO: Loading 3BPA dataset
2024-11-13 11:33:12.674 INFO: Number of configurations: train=450, valid=50, tests=[1669, 2138, 2139, 7047]
2024-11-13 11:33:12.676 INFO: AtomicNumberTable: (1, 6, 7, 8)
2024-11-13 11:33:13.271 INFO: WeightedEnergyForcesLoss(energy_weight=1.000, forces_weight=1000.000)
2024-11-13 11:33:13.312 INFO: Average number of neighbors: 16.712
2024-11-13 11:33:13.312 INFO: Building model
2024-11-13 11:33:14.539 INFO: Loading checkpoint: checkpoints/gaunt-3bpa_run-6_epoch-442.pt
2024-11-13 11:33:14.585 INFO: EquivariantRealScaleShiftNonLinearBodyOrderedModel(
  (node_embedding): LinearNodeEmbeddingBlock(
    (linear): Linear(4x0e -> 256x0e | 1024 weights)
  )
  (radial_embedding): RadialEmbeddingBlock(
    (bessel_fn): BesselBasis(r_max=5.0, num_basis=8, trainable=False)
    (cutoff_fn): PolynomialCutoff(p=5.0, r_max=5.0)
  )
  (spherical_harmonics): SphericalHarmonics()
  (atomic_energies_fn): AtomicEnergiesBlock(energies=[-13.5872, -1029.4890, -1484.9814, -2041.9816])
  (interactions): ModuleList(
    (0): RealAgnosticResidualInteractionBlock(
      (linear_up): Linear(256x0e -> 256x0e | 65536 weights)
      (conv_tp): TensorProduct(256x0e x 1x0e+1x1o+1x2e+1x3o -> 256x0e+256x1o+256x2e+256x3o | 1024 paths | 1024 weights)
      (conv_tp_weights): FullyConnectedNet[8, 64, 64, 64, 1024]
      (linear): Linear(256x0e+256x1o+256x2e+256x3o -> 256x0e+256x1o+256x2e+256x3o | 262144 weights)
      (skip_tp): FullyConnectedTensorProduct(256x0e x 4x0e -> 256x0e+256x1o+256x2e | 262144 paths | 262144 weights)
      (reshape): reshape_irreps()
    )
    (1): RealAgnosticResidualInteractionBlock(
      (linear_up): Linear(256x0e+256x1o+256x2e -> 256x0e+256x1o+256x2e | 196608 weights)
      (conv_tp): TensorProduct(256x0e+256x1o+256x2e x 1x0e+1x1o+1x2e+1x3o -> 768x0e+1280x1o+1280x2e+1024x3o | 4352 paths | 4352 weights)
      (conv_tp_weights): FullyConnectedNet[8, 64, 64, 64, 4352]
      (linear): Linear(768x0e+1280x1o+1280x2e+1024x3o -> 256x0e+256x1o+256x2e+256x3o | 1114112 weights)
      (skip_tp): FullyConnectedTensorProduct(256x0e+256x1o+256x2e x 4x0e -> 256x0e | 262144 paths | 262144 weights)
      (reshape): reshape_irreps()
    )
  )
  (products): ModuleList(
    (0): EquivariantProductBasisBlock(
      (efficient_multi_tensorproduct): EfficientMultiTensorProduct(
        (weights): ParameterDict(
            (1): Parameter containing: [torch.cuda.FloatTensor of size 1x4x256x3 (GPU 0)]
            (2): Parameter containing: [torch.cuda.FloatTensor of size 1x4x256x3 (GPU 0)]
            (3): Parameter containing: [torch.cuda.FloatTensor of size 1x4x256x3 (GPU 0)]
        )
      )
      (linear): Linear(256x0e+256x1o+256x2e -> 256x0e+256x1o+256x2e | 196608 weights)
    )
    (1): EquivariantProductBasisBlock(
      (efficient_multi_tensorproduct): EfficientMultiTensorProduct(
        (weights): ParameterDict(
            (1): Parameter containing: [torch.cuda.FloatTensor of size 1x4x256x1 (GPU 0)]
            (2): Parameter containing: [torch.cuda.FloatTensor of size 1x4x256x1 (GPU 0)]
            (3): Parameter containing: [torch.cuda.FloatTensor of size 1x4x256x1 (GPU 0)]
        )
      )
      (linear): Linear(256x0e -> 256x0e | 65536 weights)
    )
  )
  (readouts): ModuleList(
    (0): LinearReadoutBlock(
      (linear): Linear(256x0e+256x1o+256x2e -> 1x0e | 256 weights)
    )
    (1): NonLinearReadoutBlock(
      (linear_1): Linear(256x0e -> 16x0e | 4096 weights)
      (non_linearity): Activation [x] (16x0e -> 16x0e)
      (linear_2): Linear(16x0e -> 1x0e | 16 weights)
    )
  )
  (scale_shift): ScaleShiftBlock(scale=0.945654, shift=-4.873201)
)
2024-11-13 11:33:14.586 INFO: Number of parameters: 2803984
2024-11-13 11:33:14.586 INFO: Optimizer: Adam (
Parameter Group 0
    amsgrad: True
    betas: (0.9, 0.999)
    capturable: False
    differentiable: False
    eps: 1e-08
    foreach: None
    fused: False
    lr: 0.01
    maximize: False
    name: embedding
    weight_decay: 0.0

Parameter Group 1
    amsgrad: True
    betas: (0.9, 0.999)
    capturable: False
    differentiable: False
    eps: 1e-08
    foreach: None
    fused: False
    lr: 0.01
    maximize: False
    name: interactions
    weight_decay: 5e-07

Parameter Group 2
    amsgrad: True
    betas: (0.9, 0.999)
    capturable: False
    differentiable: False
    eps: 1e-08
    foreach: None
    fused: False
    lr: 0.01
    maximize: False
    name: products
    weight_decay: 0.0

Parameter Group 3
    amsgrad: True
    betas: (0.9, 0.999)
    capturable: False
    differentiable: False
    eps: 1e-08
    foreach: None
    fused: False
    lr: 0.01
    maximize: False
    name: readouts
    weight_decay: 0.0
)
2024-11-13 11:33:14.586 INFO: Started training
2024-11-13 11:33:47.300 INFO: Epoch 442: loss=0.1313
2024-11-13 11:34:34.000 INFO: Epoch 444: loss=0.1305
2024-11-13 11:35:06.172 INFO: Configuration: Namespace(name='gaunt-3bpa', seed=6, log_dir='logs', checkpoints_dir='checkpoints', results_dir='results', downloads_dir='downloads', device='cuda', default_dtype='float32', log_level='INFO', model='EquivariantRealScaleShiftNonLinearBodyOrderedModel', r_max=5.0, degrees=None, num_radial_basis=8, num_cutoff_basis=5, num_radial_coupling=1, interaction='RealAgnosticResidualInteractionBlock', interaction_first='RealAgnosticResidualInteractionBlock', max_ell=3, correlation=3, num_interactions=2, MLP_irreps='16x0e', hidden_irreps='256x0e + 256x1o + 256x2e', gate='silu', scaling='rms_forces_scaling', avg_num_neighbors=1, compute_avg_num_neighbors=True, dataset='3bpa', subset='train_300K', split=None, loss='weighted', forces_weight=1000.0, energy_weight=1.0, optimizer='adam', batch_size=5, lr=0.01, weight_decay=5e-07, amsgrad=True, scheduler='ReduceLROnPlateau', lr_factor=0.8, scheduler_partience=50, lr_scheduler_gamma=0.9993, swa=False, ema=True, ema_decay=0.99, max_num_epochs=2000, patience=256, eval_interval=2, keep_checkpoints=False, restart_latest=False)
2024-11-13 11:35:06.387 INFO: CUDA version: 11.7, CUDA device: 0
2024-11-13 11:35:06.387 INFO: Loading 3BPA dataset
2024-11-13 11:35:10.232 INFO: Number of configurations: train=450, valid=50, tests=[1669, 2138, 2139, 7047]
2024-11-13 11:35:10.234 INFO: AtomicNumberTable: (1, 6, 7, 8)
2024-11-13 11:35:11.079 INFO: WeightedEnergyForcesLoss(energy_weight=1.000, forces_weight=1000.000)
2024-11-13 11:35:11.135 INFO: Average number of neighbors: 16.712
2024-11-13 11:35:11.135 INFO: Building model
2024-11-13 11:35:12.348 INFO: EquivariantRealScaleShiftNonLinearBodyOrderedModel(
  (node_embedding): LinearNodeEmbeddingBlock(
    (linear): Linear(4x0e -> 256x0e | 1024 weights)
  )
  (radial_embedding): RadialEmbeddingBlock(
    (bessel_fn): BesselBasis(r_max=5.0, num_basis=8, trainable=False)
    (cutoff_fn): PolynomialCutoff(p=5.0, r_max=5.0)
  )
  (spherical_harmonics): SphericalHarmonics()
  (atomic_energies_fn): AtomicEnergiesBlock(energies=[-13.5872, -1029.4890, -1484.9814, -2041.9816])
  (interactions): ModuleList(
    (0): RealAgnosticResidualInteractionBlock(
      (linear_up): Linear(256x0e -> 256x0e | 65536 weights)
      (conv_tp): TensorProduct(256x0e x 1x0e+1x1o+1x2e+1x3o -> 256x0e+256x1o+256x2e+256x3o | 1024 paths | 1024 weights)
      (conv_tp_weights): FullyConnectedNet[8, 64, 64, 64, 1024]
      (linear): Linear(256x0e+256x1o+256x2e+256x3o -> 256x0e+256x1o+256x2e+256x3o | 262144 weights)
      (skip_tp): FullyConnectedTensorProduct(256x0e x 4x0e -> 256x0e+256x1o+256x2e | 262144 paths | 262144 weights)
      (reshape): reshape_irreps()
    )
    (1): RealAgnosticResidualInteractionBlock(
      (linear_up): Linear(256x0e+256x1o+256x2e -> 256x0e+256x1o+256x2e | 196608 weights)
      (conv_tp): TensorProduct(256x0e+256x1o+256x2e x 1x0e+1x1o+1x2e+1x3o -> 768x0e+1280x1o+1280x2e+1024x3o | 4352 paths | 4352 weights)
      (conv_tp_weights): FullyConnectedNet[8, 64, 64, 64, 4352]
      (linear): Linear(768x0e+1280x1o+1280x2e+1024x3o -> 256x0e+256x1o+256x2e+256x3o | 1114112 weights)
      (skip_tp): FullyConnectedTensorProduct(256x0e+256x1o+256x2e x 4x0e -> 256x0e | 262144 paths | 262144 weights)
      (reshape): reshape_irreps()
    )
  )
  (products): ModuleList(
    (0): EquivariantProductBasisBlock(
      (efficient_multi_tensorproduct): EfficientMultiTensorProduct(
        (weights): ParameterDict(
            (1): Parameter containing: [torch.cuda.FloatTensor of size 1x4x256x3 (GPU 0)]
            (2): Parameter containing: [torch.cuda.FloatTensor of size 1x4x256x3 (GPU 0)]
            (3): Parameter containing: [torch.cuda.FloatTensor of size 1x4x256x3 (GPU 0)]
        )
      )
      (linear): Linear(256x0e+256x1o+256x2e -> 256x0e+256x1o+256x2e | 196608 weights)
    )
    (1): EquivariantProductBasisBlock(
      (efficient_multi_tensorproduct): EfficientMultiTensorProduct(
        (weights): ParameterDict(
            (1): Parameter containing: [torch.cuda.FloatTensor of size 1x4x256x1 (GPU 0)]
            (2): Parameter containing: [torch.cuda.FloatTensor of size 1x4x256x1 (GPU 0)]
            (3): Parameter containing: [torch.cuda.FloatTensor of size 1x4x256x1 (GPU 0)]
        )
      )
      (linear): Linear(256x0e -> 256x0e | 65536 weights)
    )
  )
  (readouts): ModuleList(
    (0): LinearReadoutBlock(
      (linear): Linear(256x0e+256x1o+256x2e -> 1x0e | 256 weights)
    )
    (1): NonLinearReadoutBlock(
      (linear_1): Linear(256x0e -> 16x0e | 4096 weights)
      (non_linearity): Activation [x] (16x0e -> 16x0e)
      (linear_2): Linear(16x0e -> 1x0e | 16 weights)
    )
  )
  (scale_shift): ScaleShiftBlock(scale=0.945654, shift=-4.873201)
)
2024-11-13 11:35:12.350 INFO: Number of parameters: 2803984
2024-11-13 11:35:12.350 INFO: Optimizer: Adam (
Parameter Group 0
    amsgrad: True
    betas: (0.9, 0.999)
    capturable: False
    differentiable: False
    eps: 1e-08
    foreach: None
    fused: False
    lr: 0.01
    maximize: False
    name: embedding
    weight_decay: 0.0

Parameter Group 1
    amsgrad: True
    betas: (0.9, 0.999)
    capturable: False
    differentiable: False
    eps: 1e-08
    foreach: None
    fused: False
    lr: 0.01
    maximize: False
    name: interactions
    weight_decay: 5e-07

Parameter Group 2
    amsgrad: True
    betas: (0.9, 0.999)
    capturable: False
    differentiable: False
    eps: 1e-08
    foreach: None
    fused: False
    lr: 0.01
    maximize: False
    name: products
    weight_decay: 0.0

Parameter Group 3
    amsgrad: True
    betas: (0.9, 0.999)
    capturable: False
    differentiable: False
    eps: 1e-08
    foreach: None
    fused: False
    lr: 0.01
    maximize: False
    name: readouts
    weight_decay: 0.0
)
2024-11-13 11:35:12.350 INFO: Started training
2024-11-13 11:35:44.085 INFO: Epoch 0: loss=44.7028
2024-11-13 11:36:49.807 INFO: Configuration: Namespace(name='gaunt-3bpa', seed=6, log_dir='logs', checkpoints_dir='checkpoints', results_dir='results', downloads_dir='downloads', device='cuda', default_dtype='float32', log_level='INFO', model='EquivariantRealScaleShiftNonLinearBodyOrderedModel', r_max=5.0, degrees=None, num_radial_basis=8, num_cutoff_basis=5, num_radial_coupling=1, interaction='RealAgnosticResidualInteractionBlock', interaction_first='RealAgnosticResidualInteractionBlock', max_ell=3, correlation=3, num_interactions=2, MLP_irreps='16x0e', hidden_irreps='256x0e + 256x1o + 256x2e', gate='silu', scaling='rms_forces_scaling', avg_num_neighbors=1, compute_avg_num_neighbors=True, dataset='3bpa', subset='train_300K', split=None, loss='weighted', forces_weight=1000.0, energy_weight=1.0, optimizer='adam', batch_size=5, lr=0.01, weight_decay=5e-07, amsgrad=True, scheduler='ReduceLROnPlateau', lr_factor=0.8, scheduler_partience=50, lr_scheduler_gamma=0.9993, swa=False, ema=True, ema_decay=0.99, max_num_epochs=2000, patience=256, eval_interval=2, keep_checkpoints=False, restart_latest=False)
2024-11-13 11:36:50.015 INFO: CUDA version: 11.7, CUDA device: 0
2024-11-13 11:36:50.015 INFO: Loading 3BPA dataset
2024-11-13 11:36:54.111 INFO: Number of configurations: train=450, valid=50, tests=[1669, 2138, 2139, 7047]
2024-11-13 11:36:54.113 INFO: AtomicNumberTable: (1, 6, 7, 8)
2024-11-13 11:36:54.751 INFO: WeightedEnergyForcesLoss(energy_weight=1.000, forces_weight=1000.000)
2024-11-13 11:36:54.795 INFO: Average number of neighbors: 16.712
2024-11-13 11:36:54.795 INFO: Building model
2024-11-13 11:39:01.222 INFO: Configuration: Namespace(name='gaunt-3bpa', seed=6, log_dir='logs', checkpoints_dir='checkpoints', results_dir='results', downloads_dir='downloads', device='cuda', default_dtype='float32', log_level='INFO', model='EquivariantRealScaleShiftNonLinearBodyOrderedModel', r_max=5.0, degrees=None, num_radial_basis=8, num_cutoff_basis=5, num_radial_coupling=1, interaction='RealAgnosticResidualInteractionBlock', interaction_first='RealAgnosticResidualInteractionBlock', max_ell=3, correlation=3, num_interactions=2, MLP_irreps='16x0e', hidden_irreps='256x0e + 256x1o + 256x2e', gate='silu', scaling='rms_forces_scaling', avg_num_neighbors=1, compute_avg_num_neighbors=True, dataset='3bpa', subset='train_300K', split=None, loss='weighted', forces_weight=1000.0, energy_weight=1.0, optimizer='adam', batch_size=5, lr=0.01, weight_decay=5e-07, amsgrad=True, scheduler='ReduceLROnPlateau', lr_factor=0.8, scheduler_partience=50, lr_scheduler_gamma=0.9993, swa=False, ema=True, ema_decay=0.99, max_num_epochs=2000, patience=256, eval_interval=2, keep_checkpoints=False, restart_latest=False)
2024-11-13 11:39:01.436 INFO: CUDA version: 11.7, CUDA device: 0
2024-11-13 11:39:01.436 INFO: Loading 3BPA dataset
2024-11-13 11:39:05.218 INFO: Number of configurations: train=450, valid=50, tests=[1669, 2138, 2139, 7047]
2024-11-13 11:39:05.220 INFO: AtomicNumberTable: (1, 6, 7, 8)
2024-11-13 11:39:06.110 INFO: WeightedEnergyForcesLoss(energy_weight=1.000, forces_weight=1000.000)
2024-11-13 11:39:06.165 INFO: Average number of neighbors: 16.712
2024-11-13 11:39:06.165 INFO: Building model
2024-11-13 11:39:07.365 INFO: EquivariantRealScaleShiftNonLinearBodyOrderedModel(
  (node_embedding): LinearNodeEmbeddingBlock(
    (linear): Linear(4x0e -> 256x0e | 1024 weights)
  )
  (radial_embedding): RadialEmbeddingBlock(
    (bessel_fn): BesselBasis(r_max=5.0, num_basis=8, trainable=False)
    (cutoff_fn): PolynomialCutoff(p=5.0, r_max=5.0)
  )
  (spherical_harmonics): SphericalHarmonics()
  (atomic_energies_fn): AtomicEnergiesBlock(energies=[-13.5872, -1029.4890, -1484.9814, -2041.9816])
  (interactions): ModuleList(
    (0): RealAgnosticResidualInteractionBlock(
      (linear_up): Linear(256x0e -> 256x0e | 65536 weights)
      (conv_tp): TensorProduct(256x0e x 1x0e+1x1o+1x2e+1x3o -> 256x0e+256x1o+256x2e+256x3o | 1024 paths | 1024 weights)
      (conv_tp_weights): FullyConnectedNet[8, 64, 64, 64, 1024]
      (linear): Linear(256x0e+256x1o+256x2e+256x3o -> 256x0e+256x1o+256x2e+256x3o | 262144 weights)
      (skip_tp): FullyConnectedTensorProduct(256x0e x 4x0e -> 256x0e+256x1o+256x2e | 262144 paths | 262144 weights)
      (reshape): reshape_irreps()
    )
    (1): RealAgnosticResidualInteractionBlock(
      (linear_up): Linear(256x0e+256x1o+256x2e -> 256x0e+256x1o+256x2e | 196608 weights)
      (conv_tp): TensorProduct(256x0e+256x1o+256x2e x 1x0e+1x1o+1x2e+1x3o -> 768x0e+1280x1o+1280x2e+1024x3o | 4352 paths | 4352 weights)
      (conv_tp_weights): FullyConnectedNet[8, 64, 64, 64, 4352]
      (linear): Linear(768x0e+1280x1o+1280x2e+1024x3o -> 256x0e+256x1o+256x2e+256x3o | 1114112 weights)
      (skip_tp): FullyConnectedTensorProduct(256x0e+256x1o+256x2e x 4x0e -> 256x0e | 262144 paths | 262144 weights)
      (reshape): reshape_irreps()
    )
  )
  (products): ModuleList(
    (0): EquivariantProductBasisBlock(
      (efficient_multi_tensorproduct): EfficientMultiTensorProduct(
        (weights): ParameterDict(
            (1): Parameter containing: [torch.cuda.FloatTensor of size 1x4x256x3 (GPU 0)]
            (2): Parameter containing: [torch.cuda.FloatTensor of size 1x4x256x3 (GPU 0)]
            (3): Parameter containing: [torch.cuda.FloatTensor of size 1x4x256x3 (GPU 0)]
        )
      )
      (linear): Linear(256x0e+256x1o+256x2e -> 256x0e+256x1o+256x2e | 196608 weights)
    )
    (1): EquivariantProductBasisBlock(
      (efficient_multi_tensorproduct): EfficientMultiTensorProduct(
        (weights): ParameterDict(
            (1): Parameter containing: [torch.cuda.FloatTensor of size 1x4x256x1 (GPU 0)]
            (2): Parameter containing: [torch.cuda.FloatTensor of size 1x4x256x1 (GPU 0)]
            (3): Parameter containing: [torch.cuda.FloatTensor of size 1x4x256x1 (GPU 0)]
        )
      )
      (linear): Linear(256x0e -> 256x0e | 65536 weights)
    )
  )
  (readouts): ModuleList(
    (0): LinearReadoutBlock(
      (linear): Linear(256x0e+256x1o+256x2e -> 1x0e | 256 weights)
    )
    (1): NonLinearReadoutBlock(
      (linear_1): Linear(256x0e -> 16x0e | 4096 weights)
      (non_linearity): Activation [x] (16x0e -> 16x0e)
      (linear_2): Linear(16x0e -> 1x0e | 16 weights)
    )
  )
  (scale_shift): ScaleShiftBlock(scale=0.945654, shift=-4.873201)
)
2024-11-13 11:39:07.366 INFO: Number of parameters: 2803984
2024-11-13 11:39:07.366 INFO: Optimizer: Adam (
Parameter Group 0
    amsgrad: True
    betas: (0.9, 0.999)
    capturable: False
    differentiable: False
    eps: 1e-08
    foreach: None
    fused: False
    lr: 0.01
    maximize: False
    name: embedding
    weight_decay: 0.0

Parameter Group 1
    amsgrad: True
    betas: (0.9, 0.999)
    capturable: False
    differentiable: False
    eps: 1e-08
    foreach: None
    fused: False
    lr: 0.01
    maximize: False
    name: interactions
    weight_decay: 5e-07

Parameter Group 2
    amsgrad: True
    betas: (0.9, 0.999)
    capturable: False
    differentiable: False
    eps: 1e-08
    foreach: None
    fused: False
    lr: 0.01
    maximize: False
    name: products
    weight_decay: 0.0

Parameter Group 3
    amsgrad: True
    betas: (0.9, 0.999)
    capturable: False
    differentiable: False
    eps: 1e-08
    foreach: None
    fused: False
    lr: 0.01
    maximize: False
    name: readouts
    weight_decay: 0.0
)
2024-11-13 11:39:07.366 INFO: Started training
2024-11-13 14:54:48.314 INFO: Configuration: Namespace(name='gaunt-3bpa', seed=6, log_dir='logs', checkpoints_dir='checkpoints', results_dir='results', downloads_dir='downloads', device='cuda', default_dtype='float32', log_level='INFO', model='EquivariantRealScaleShiftNonLinearBodyOrderedModel', r_max=5.0, degrees=None, num_radial_basis=8, num_cutoff_basis=5, num_radial_coupling=1, interaction='RealAgnosticResidualInteractionBlock', interaction_first='RealAgnosticResidualInteractionBlock', max_ell=3, correlation=3, num_interactions=2, MLP_irreps='16x0e', hidden_irreps='256x0e + 256x1o + 256x2e', gate='silu', scaling='rms_forces_scaling', avg_num_neighbors=1, compute_avg_num_neighbors=True, dataset='3bpa', subset='train_300K', split=None, loss='weighted', forces_weight=1000.0, energy_weight=1.0, optimizer='adam', batch_size=5, lr=0.01, weight_decay=5e-07, amsgrad=True, scheduler='ReduceLROnPlateau', lr_factor=0.8, scheduler_partience=50, lr_scheduler_gamma=0.9993, swa=False, ema=True, ema_decay=0.99, max_num_epochs=2000, patience=256, eval_interval=2, keep_checkpoints=False, restart_latest=False)
2024-11-13 14:54:48.535 INFO: CUDA version: 11.7, CUDA device: 0
2024-11-13 14:54:48.535 INFO: Loading 3BPA dataset
2024-11-13 14:54:52.720 INFO: Number of configurations: train=450, valid=50, tests=[1669, 2138, 2139, 7047]
2024-11-13 14:54:52.722 INFO: AtomicNumberTable: (1, 6, 7, 8)
2024-11-13 14:54:53.619 INFO: WeightedEnergyForcesLoss(energy_weight=1.000, forces_weight=1000.000)
2024-11-13 14:54:53.676 INFO: Average number of neighbors: 16.712
2024-11-13 14:54:53.676 INFO: Building model
2024-11-13 14:54:54.893 INFO: EquivariantRealScaleShiftNonLinearBodyOrderedModel(
  (node_embedding): LinearNodeEmbeddingBlock(
    (linear): Linear(4x0e -> 256x0e | 1024 weights)
  )
  (radial_embedding): RadialEmbeddingBlock(
    (bessel_fn): BesselBasis(r_max=5.0, num_basis=8, trainable=False)
    (cutoff_fn): PolynomialCutoff(p=5.0, r_max=5.0)
  )
  (spherical_harmonics): SphericalHarmonics()
  (atomic_energies_fn): AtomicEnergiesBlock(energies=[-13.5872, -1029.4890, -1484.9814, -2041.9816])
  (interactions): ModuleList(
    (0): RealAgnosticResidualInteractionBlock(
      (linear_up): Linear(256x0e -> 256x0e | 65536 weights)
      (conv_tp): TensorProduct(256x0e x 1x0e+1x1o+1x2e+1x3o -> 256x0e+256x1o+256x2e+256x3o | 1024 paths | 1024 weights)
      (conv_tp_weights): FullyConnectedNet[8, 64, 64, 64, 1024]
      (linear): Linear(256x0e+256x1o+256x2e+256x3o -> 256x0e+256x1o+256x2e+256x3o | 262144 weights)
      (skip_tp): FullyConnectedTensorProduct(256x0e x 4x0e -> 256x0e+256x1o+256x2e | 262144 paths | 262144 weights)
      (reshape): reshape_irreps()
    )
    (1): RealAgnosticResidualInteractionBlock(
      (linear_up): Linear(256x0e+256x1o+256x2e -> 256x0e+256x1o+256x2e | 196608 weights)
      (conv_tp): TensorProduct(256x0e+256x1o+256x2e x 1x0e+1x1o+1x2e+1x3o -> 768x0e+1280x1o+1280x2e+1024x3o | 4352 paths | 4352 weights)
      (conv_tp_weights): FullyConnectedNet[8, 64, 64, 64, 4352]
      (linear): Linear(768x0e+1280x1o+1280x2e+1024x3o -> 256x0e+256x1o+256x2e+256x3o | 1114112 weights)
      (skip_tp): FullyConnectedTensorProduct(256x0e+256x1o+256x2e x 4x0e -> 256x0e | 262144 paths | 262144 weights)
      (reshape): reshape_irreps()
    )
  )
  (products): ModuleList(
    (0): EquivariantProductBasisBlock(
      (efficient_multi_tensorproduct): EfficientMultiTensorProduct(
        (weights): ParameterDict(
            (1): Parameter containing: [torch.cuda.FloatTensor of size 1x4x256x3 (GPU 0)]
            (2): Parameter containing: [torch.cuda.FloatTensor of size 1x4x256x3 (GPU 0)]
            (3): Parameter containing: [torch.cuda.FloatTensor of size 1x4x256x3 (GPU 0)]
        )
      )
      (linear): Linear(256x0e+256x1o+256x2e -> 256x0e+256x1o+256x2e | 196608 weights)
    )
    (1): EquivariantProductBasisBlock(
      (efficient_multi_tensorproduct): EfficientMultiTensorProduct(
        (weights): ParameterDict(
            (1): Parameter containing: [torch.cuda.FloatTensor of size 1x4x256x1 (GPU 0)]
            (2): Parameter containing: [torch.cuda.FloatTensor of size 1x4x256x1 (GPU 0)]
            (3): Parameter containing: [torch.cuda.FloatTensor of size 1x4x256x1 (GPU 0)]
        )
      )
      (linear): Linear(256x0e -> 256x0e | 65536 weights)
    )
  )
  (readouts): ModuleList(
    (0): LinearReadoutBlock(
      (linear): Linear(256x0e+256x1o+256x2e -> 1x0e | 256 weights)
    )
    (1): NonLinearReadoutBlock(
      (linear_1): Linear(256x0e -> 16x0e | 4096 weights)
      (non_linearity): Activation [x] (16x0e -> 16x0e)
      (linear_2): Linear(16x0e -> 1x0e | 16 weights)
    )
  )
  (scale_shift): ScaleShiftBlock(scale=0.945654, shift=-4.873201)
)
2024-11-13 14:54:54.895 INFO: Number of parameters: 2803984
2024-11-13 14:54:54.895 INFO: Optimizer: Adam (
Parameter Group 0
    amsgrad: True
    betas: (0.9, 0.999)
    capturable: False
    differentiable: False
    eps: 1e-08
    foreach: None
    fused: False
    lr: 0.01
    maximize: False
    name: embedding
    weight_decay: 0.0

Parameter Group 1
    amsgrad: True
    betas: (0.9, 0.999)
    capturable: False
    differentiable: False
    eps: 1e-08
    foreach: None
    fused: False
    lr: 0.01
    maximize: False
    name: interactions
    weight_decay: 5e-07

Parameter Group 2
    amsgrad: True
    betas: (0.9, 0.999)
    capturable: False
    differentiable: False
    eps: 1e-08
    foreach: None
    fused: False
    lr: 0.01
    maximize: False
    name: products
    weight_decay: 0.0

Parameter Group 3
    amsgrad: True
    betas: (0.9, 0.999)
    capturable: False
    differentiable: False
    eps: 1e-08
    foreach: None
    fused: False
    lr: 0.01
    maximize: False
    name: readouts
    weight_decay: 0.0
)
2024-11-13 14:54:54.895 INFO: Started training
2024-11-13 14:57:55.316 INFO: Configuration: Namespace(name='gaunt-3bpa', seed=6, log_dir='logs', checkpoints_dir='checkpoints', results_dir='results', downloads_dir='downloads', device='cuda', default_dtype='float32', log_level='INFO', model='EquivariantRealScaleShiftNonLinearBodyOrderedModel', r_max=5.0, degrees=None, num_radial_basis=8, num_cutoff_basis=5, num_radial_coupling=1, interaction='RealAgnosticResidualInteractionBlock', interaction_first='RealAgnosticResidualInteractionBlock', max_ell=3, correlation=3, num_interactions=2, MLP_irreps='16x0e', hidden_irreps='256x0e + 256x1o + 256x2e', gate='silu', scaling='rms_forces_scaling', avg_num_neighbors=1, compute_avg_num_neighbors=True, dataset='3bpa', subset='train_300K', split=None, loss='weighted', forces_weight=1000.0, energy_weight=1.0, optimizer='adam', batch_size=5, lr=0.01, weight_decay=5e-07, amsgrad=True, scheduler='ReduceLROnPlateau', lr_factor=0.8, scheduler_partience=50, lr_scheduler_gamma=0.9993, swa=False, ema=True, ema_decay=0.99, max_num_epochs=2000, patience=256, eval_interval=2, keep_checkpoints=False, restart_latest=False)
2024-11-13 14:57:55.528 INFO: CUDA version: 11.7, CUDA device: 0
2024-11-13 14:57:55.528 INFO: Loading 3BPA dataset
2024-11-13 14:57:59.334 INFO: Number of configurations: train=450, valid=50, tests=[1669, 2138, 2139, 7047]
2024-11-13 14:57:59.336 INFO: AtomicNumberTable: (1, 6, 7, 8)
2024-11-13 14:57:59.934 INFO: WeightedEnergyForcesLoss(energy_weight=1.000, forces_weight=1000.000)
2024-11-13 14:57:59.973 INFO: Average number of neighbors: 16.712
2024-11-13 14:57:59.973 INFO: Building model
2024-11-13 14:58:01.193 INFO: EquivariantRealScaleShiftNonLinearBodyOrderedModel(
  (node_embedding): LinearNodeEmbeddingBlock(
    (linear): Linear(4x0e -> 256x0e | 1024 weights)
  )
  (radial_embedding): RadialEmbeddingBlock(
    (bessel_fn): BesselBasis(r_max=5.0, num_basis=8, trainable=False)
    (cutoff_fn): PolynomialCutoff(p=5.0, r_max=5.0)
  )
  (spherical_harmonics): SphericalHarmonics()
  (atomic_energies_fn): AtomicEnergiesBlock(energies=[-13.5872, -1029.4890, -1484.9814, -2041.9816])
  (interactions): ModuleList(
    (0): RealAgnosticResidualInteractionBlock(
      (linear_up): Linear(256x0e -> 256x0e | 65536 weights)
      (conv_tp): TensorProduct(256x0e x 1x0e+1x1o+1x2e+1x3o -> 256x0e+256x1o+256x2e+256x3o | 1024 paths | 1024 weights)
      (conv_tp_weights): FullyConnectedNet[8, 64, 64, 64, 1024]
      (linear): Linear(256x0e+256x1o+256x2e+256x3o -> 256x0e+256x1o+256x2e+256x3o | 262144 weights)
      (skip_tp): FullyConnectedTensorProduct(256x0e x 4x0e -> 256x0e+256x1o+256x2e | 262144 paths | 262144 weights)
      (reshape): reshape_irreps()
    )
    (1): RealAgnosticResidualInteractionBlock(
      (linear_up): Linear(256x0e+256x1o+256x2e -> 256x0e+256x1o+256x2e | 196608 weights)
      (conv_tp): TensorProduct(256x0e+256x1o+256x2e x 1x0e+1x1o+1x2e+1x3o -> 768x0e+1280x1o+1280x2e+1024x3o | 4352 paths | 4352 weights)
      (conv_tp_weights): FullyConnectedNet[8, 64, 64, 64, 4352]
      (linear): Linear(768x0e+1280x1o+1280x2e+1024x3o -> 256x0e+256x1o+256x2e+256x3o | 1114112 weights)
      (skip_tp): FullyConnectedTensorProduct(256x0e+256x1o+256x2e x 4x0e -> 256x0e | 262144 paths | 262144 weights)
      (reshape): reshape_irreps()
    )
  )
  (products): ModuleList(
    (0): EquivariantProductBasisBlock(
      (efficient_multi_tensorproduct): EfficientMultiTensorProduct(
        (weights): ParameterDict(
            (1): Parameter containing: [torch.cuda.FloatTensor of size 1x4x256x3 (GPU 0)]
            (2): Parameter containing: [torch.cuda.FloatTensor of size 1x4x256x3 (GPU 0)]
            (3): Parameter containing: [torch.cuda.FloatTensor of size 1x4x256x3 (GPU 0)]
        )
      )
      (linear): Linear(256x0e+256x1o+256x2e -> 256x0e+256x1o+256x2e | 196608 weights)
    )
    (1): EquivariantProductBasisBlock(
      (efficient_multi_tensorproduct): EfficientMultiTensorProduct(
        (weights): ParameterDict(
            (1): Parameter containing: [torch.cuda.FloatTensor of size 1x4x256x1 (GPU 0)]
            (2): Parameter containing: [torch.cuda.FloatTensor of size 1x4x256x1 (GPU 0)]
            (3): Parameter containing: [torch.cuda.FloatTensor of size 1x4x256x1 (GPU 0)]
        )
      )
      (linear): Linear(256x0e -> 256x0e | 65536 weights)
    )
  )
  (readouts): ModuleList(
    (0): LinearReadoutBlock(
      (linear): Linear(256x0e+256x1o+256x2e -> 1x0e | 256 weights)
    )
    (1): NonLinearReadoutBlock(
      (linear_1): Linear(256x0e -> 16x0e | 4096 weights)
      (non_linearity): Activation [x] (16x0e -> 16x0e)
      (linear_2): Linear(16x0e -> 1x0e | 16 weights)
    )
  )
  (scale_shift): ScaleShiftBlock(scale=0.945654, shift=-4.873201)
)
2024-11-13 14:58:01.195 INFO: Number of parameters: 2803984
2024-11-13 14:58:01.195 INFO: Optimizer: Adam (
Parameter Group 0
    amsgrad: True
    betas: (0.9, 0.999)
    capturable: False
    differentiable: False
    eps: 1e-08
    foreach: None
    fused: False
    lr: 0.01
    maximize: False
    name: embedding
    weight_decay: 0.0

Parameter Group 1
    amsgrad: True
    betas: (0.9, 0.999)
    capturable: False
    differentiable: False
    eps: 1e-08
    foreach: None
    fused: False
    lr: 0.01
    maximize: False
    name: interactions
    weight_decay: 5e-07

Parameter Group 2
    amsgrad: True
    betas: (0.9, 0.999)
    capturable: False
    differentiable: False
    eps: 1e-08
    foreach: None
    fused: False
    lr: 0.01
    maximize: False
    name: products
    weight_decay: 0.0

Parameter Group 3
    amsgrad: True
    betas: (0.9, 0.999)
    capturable: False
    differentiable: False
    eps: 1e-08
    foreach: None
    fused: False
    lr: 0.01
    maximize: False
    name: readouts
    weight_decay: 0.0
)
2024-11-13 14:58:01.195 INFO: Started training
2024-11-13 14:58:23.061 INFO: Configuration: Namespace(name='gaunt-3bpa', seed=6, log_dir='logs', checkpoints_dir='checkpoints', results_dir='results', downloads_dir='downloads', device='cuda', default_dtype='float32', log_level='INFO', model='EquivariantRealScaleShiftNonLinearBodyOrderedModel', r_max=5.0, degrees=None, num_radial_basis=8, num_cutoff_basis=5, num_radial_coupling=1, interaction='RealAgnosticResidualInteractionBlock', interaction_first='RealAgnosticResidualInteractionBlock', max_ell=3, correlation=3, num_interactions=2, MLP_irreps='16x0e', hidden_irreps='256x0e + 256x1o + 256x2e', gate='silu', scaling='rms_forces_scaling', avg_num_neighbors=1, compute_avg_num_neighbors=True, dataset='3bpa', subset='train_300K', split=None, loss='weighted', forces_weight=1000.0, energy_weight=1.0, optimizer='adam', batch_size=5, lr=0.01, weight_decay=5e-07, amsgrad=True, scheduler='ReduceLROnPlateau', lr_factor=0.8, scheduler_partience=50, lr_scheduler_gamma=0.9993, swa=False, ema=True, ema_decay=0.99, max_num_epochs=2000, patience=256, eval_interval=2, keep_checkpoints=False, restart_latest=False)
2024-11-13 14:58:23.272 INFO: CUDA version: 11.7, CUDA device: 0
2024-11-13 14:58:23.272 INFO: Loading 3BPA dataset
2024-11-13 14:58:27.063 INFO: Number of configurations: train=450, valid=50, tests=[1669, 2138, 2139, 7047]
2024-11-13 14:58:27.065 INFO: AtomicNumberTable: (1, 6, 7, 8)
2024-11-13 14:58:27.731 INFO: WeightedEnergyForcesLoss(energy_weight=1.000, forces_weight=1000.000)
2024-11-13 14:58:27.770 INFO: Average number of neighbors: 16.712
2024-11-13 14:58:27.770 INFO: Building model
2024-11-13 14:58:28.984 INFO: EquivariantRealScaleShiftNonLinearBodyOrderedModel(
  (node_embedding): LinearNodeEmbeddingBlock(
    (linear): Linear(4x0e -> 256x0e | 1024 weights)
  )
  (radial_embedding): RadialEmbeddingBlock(
    (bessel_fn): BesselBasis(r_max=5.0, num_basis=8, trainable=False)
    (cutoff_fn): PolynomialCutoff(p=5.0, r_max=5.0)
  )
  (spherical_harmonics): SphericalHarmonics()
  (atomic_energies_fn): AtomicEnergiesBlock(energies=[-13.5872, -1029.4890, -1484.9814, -2041.9816])
  (interactions): ModuleList(
    (0): RealAgnosticResidualInteractionBlock(
      (linear_up): Linear(256x0e -> 256x0e | 65536 weights)
      (conv_tp): TensorProduct(256x0e x 1x0e+1x1o+1x2e+1x3o -> 256x0e+256x1o+256x2e+256x3o | 1024 paths | 1024 weights)
      (conv_tp_weights): FullyConnectedNet[8, 64, 64, 64, 1024]
      (linear): Linear(256x0e+256x1o+256x2e+256x3o -> 256x0e+256x1o+256x2e+256x3o | 262144 weights)
      (skip_tp): FullyConnectedTensorProduct(256x0e x 4x0e -> 256x0e+256x1o+256x2e | 262144 paths | 262144 weights)
      (reshape): reshape_irreps()
    )
    (1): RealAgnosticResidualInteractionBlock(
      (linear_up): Linear(256x0e+256x1o+256x2e -> 256x0e+256x1o+256x2e | 196608 weights)
      (conv_tp): TensorProduct(256x0e+256x1o+256x2e x 1x0e+1x1o+1x2e+1x3o -> 768x0e+1280x1o+1280x2e+1024x3o | 4352 paths | 4352 weights)
      (conv_tp_weights): FullyConnectedNet[8, 64, 64, 64, 4352]
      (linear): Linear(768x0e+1280x1o+1280x2e+1024x3o -> 256x0e+256x1o+256x2e+256x3o | 1114112 weights)
      (skip_tp): FullyConnectedTensorProduct(256x0e+256x1o+256x2e x 4x0e -> 256x0e | 262144 paths | 262144 weights)
      (reshape): reshape_irreps()
    )
  )
  (products): ModuleList(
    (0): EquivariantProductBasisBlock(
      (efficient_multi_tensorproduct): EfficientMultiTensorProduct(
        (weights): ParameterDict(
            (1): Parameter containing: [torch.cuda.FloatTensor of size 1x4x256x3 (GPU 0)]
            (2): Parameter containing: [torch.cuda.FloatTensor of size 1x4x256x3 (GPU 0)]
            (3): Parameter containing: [torch.cuda.FloatTensor of size 1x4x256x3 (GPU 0)]
        )
      )
      (linear): Linear(256x0e+256x1o+256x2e -> 256x0e+256x1o+256x2e | 196608 weights)
    )
    (1): EquivariantProductBasisBlock(
      (efficient_multi_tensorproduct): EfficientMultiTensorProduct(
        (weights): ParameterDict(
            (1): Parameter containing: [torch.cuda.FloatTensor of size 1x4x256x1 (GPU 0)]
            (2): Parameter containing: [torch.cuda.FloatTensor of size 1x4x256x1 (GPU 0)]
            (3): Parameter containing: [torch.cuda.FloatTensor of size 1x4x256x1 (GPU 0)]
        )
      )
      (linear): Linear(256x0e -> 256x0e | 65536 weights)
    )
  )
  (readouts): ModuleList(
    (0): LinearReadoutBlock(
      (linear): Linear(256x0e+256x1o+256x2e -> 1x0e | 256 weights)
    )
    (1): NonLinearReadoutBlock(
      (linear_1): Linear(256x0e -> 16x0e | 4096 weights)
      (non_linearity): Activation [x] (16x0e -> 16x0e)
      (linear_2): Linear(16x0e -> 1x0e | 16 weights)
    )
  )
  (scale_shift): ScaleShiftBlock(scale=0.945654, shift=-4.873201)
)
2024-11-13 14:58:28.986 INFO: Number of parameters: 2803984
2024-11-13 14:58:28.986 INFO: Optimizer: Adam (
Parameter Group 0
    amsgrad: True
    betas: (0.9, 0.999)
    capturable: False
    differentiable: False
    eps: 1e-08
    foreach: None
    fused: False
    lr: 0.01
    maximize: False
    name: embedding
    weight_decay: 0.0

Parameter Group 1
    amsgrad: True
    betas: (0.9, 0.999)
    capturable: False
    differentiable: False
    eps: 1e-08
    foreach: None
    fused: False
    lr: 0.01
    maximize: False
    name: interactions
    weight_decay: 5e-07

Parameter Group 2
    amsgrad: True
    betas: (0.9, 0.999)
    capturable: False
    differentiable: False
    eps: 1e-08
    foreach: None
    fused: False
    lr: 0.01
    maximize: False
    name: products
    weight_decay: 0.0

Parameter Group 3
    amsgrad: True
    betas: (0.9, 0.999)
    capturable: False
    differentiable: False
    eps: 1e-08
    foreach: None
    fused: False
    lr: 0.01
    maximize: False
    name: readouts
    weight_decay: 0.0
)
2024-11-13 14:58:28.986 INFO: Started training
2024-11-13 14:58:42.106 INFO: Configuration: Namespace(name='gaunt-3bpa', seed=6, log_dir='logs', checkpoints_dir='checkpoints', results_dir='results', downloads_dir='downloads', device='cuda', default_dtype='float32', log_level='INFO', model='EquivariantRealScaleShiftNonLinearBodyOrderedModel', r_max=5.0, degrees=None, num_radial_basis=8, num_cutoff_basis=5, num_radial_coupling=1, interaction='RealAgnosticResidualInteractionBlock', interaction_first='RealAgnosticResidualInteractionBlock', max_ell=3, correlation=3, num_interactions=2, MLP_irreps='16x0e', hidden_irreps='256x0e + 256x1o + 256x2e', gate='silu', scaling='rms_forces_scaling', avg_num_neighbors=1, compute_avg_num_neighbors=True, dataset='3bpa', subset='train_300K', split=None, loss='weighted', forces_weight=1000.0, energy_weight=1.0, optimizer='adam', batch_size=5, lr=0.01, weight_decay=5e-07, amsgrad=True, scheduler='ReduceLROnPlateau', lr_factor=0.8, scheduler_partience=50, lr_scheduler_gamma=0.9993, swa=False, ema=True, ema_decay=0.99, max_num_epochs=2000, patience=256, eval_interval=2, keep_checkpoints=False, restart_latest=False)
2024-11-13 14:58:42.323 INFO: CUDA version: 11.7, CUDA device: 0
2024-11-13 14:58:42.324 INFO: Loading 3BPA dataset
2024-11-13 14:58:46.499 INFO: Number of configurations: train=450, valid=50, tests=[1669, 2138, 2139, 7047]
2024-11-13 14:58:46.501 INFO: AtomicNumberTable: (1, 6, 7, 8)
2024-11-13 14:58:47.392 INFO: WeightedEnergyForcesLoss(energy_weight=1.000, forces_weight=1000.000)
2024-11-13 14:58:47.447 INFO: Average number of neighbors: 16.712
2024-11-13 14:58:47.448 INFO: Building model
2024-11-13 14:58:48.654 INFO: EquivariantRealScaleShiftNonLinearBodyOrderedModel(
  (node_embedding): LinearNodeEmbeddingBlock(
    (linear): Linear(4x0e -> 256x0e | 1024 weights)
  )
  (radial_embedding): RadialEmbeddingBlock(
    (bessel_fn): BesselBasis(r_max=5.0, num_basis=8, trainable=False)
    (cutoff_fn): PolynomialCutoff(p=5.0, r_max=5.0)
  )
  (spherical_harmonics): SphericalHarmonics()
  (atomic_energies_fn): AtomicEnergiesBlock(energies=[-13.5872, -1029.4890, -1484.9814, -2041.9816])
  (interactions): ModuleList(
    (0): RealAgnosticResidualInteractionBlock(
      (linear_up): Linear(256x0e -> 256x0e | 65536 weights)
      (conv_tp): TensorProduct(256x0e x 1x0e+1x1o+1x2e+1x3o -> 256x0e+256x1o+256x2e+256x3o | 1024 paths | 1024 weights)
      (conv_tp_weights): FullyConnectedNet[8, 64, 64, 64, 1024]
      (linear): Linear(256x0e+256x1o+256x2e+256x3o -> 256x0e+256x1o+256x2e+256x3o | 262144 weights)
      (skip_tp): FullyConnectedTensorProduct(256x0e x 4x0e -> 256x0e+256x1o+256x2e | 262144 paths | 262144 weights)
      (reshape): reshape_irreps()
    )
    (1): RealAgnosticResidualInteractionBlock(
      (linear_up): Linear(256x0e+256x1o+256x2e -> 256x0e+256x1o+256x2e | 196608 weights)
      (conv_tp): TensorProduct(256x0e+256x1o+256x2e x 1x0e+1x1o+1x2e+1x3o -> 768x0e+1280x1o+1280x2e+1024x3o | 4352 paths | 4352 weights)
      (conv_tp_weights): FullyConnectedNet[8, 64, 64, 64, 4352]
      (linear): Linear(768x0e+1280x1o+1280x2e+1024x3o -> 256x0e+256x1o+256x2e+256x3o | 1114112 weights)
      (skip_tp): FullyConnectedTensorProduct(256x0e+256x1o+256x2e x 4x0e -> 256x0e | 262144 paths | 262144 weights)
      (reshape): reshape_irreps()
    )
  )
  (products): ModuleList(
    (0): EquivariantProductBasisBlock(
      (efficient_multi_tensorproduct): EfficientMultiTensorProduct(
        (weights): ParameterDict(
            (1): Parameter containing: [torch.cuda.FloatTensor of size 1x4x256x3 (GPU 0)]
            (2): Parameter containing: [torch.cuda.FloatTensor of size 1x4x256x3 (GPU 0)]
            (3): Parameter containing: [torch.cuda.FloatTensor of size 1x4x256x3 (GPU 0)]
        )
      )
      (linear): Linear(256x0e+256x1o+256x2e -> 256x0e+256x1o+256x2e | 196608 weights)
    )
    (1): EquivariantProductBasisBlock(
      (efficient_multi_tensorproduct): EfficientMultiTensorProduct(
        (weights): ParameterDict(
            (1): Parameter containing: [torch.cuda.FloatTensor of size 1x4x256x1 (GPU 0)]
            (2): Parameter containing: [torch.cuda.FloatTensor of size 1x4x256x1 (GPU 0)]
            (3): Parameter containing: [torch.cuda.FloatTensor of size 1x4x256x1 (GPU 0)]
        )
      )
      (linear): Linear(256x0e -> 256x0e | 65536 weights)
    )
  )
  (readouts): ModuleList(
    (0): LinearReadoutBlock(
      (linear): Linear(256x0e+256x1o+256x2e -> 1x0e | 256 weights)
    )
    (1): NonLinearReadoutBlock(
      (linear_1): Linear(256x0e -> 16x0e | 4096 weights)
      (non_linearity): Activation [x] (16x0e -> 16x0e)
      (linear_2): Linear(16x0e -> 1x0e | 16 weights)
    )
  )
  (scale_shift): ScaleShiftBlock(scale=0.945654, shift=-4.873201)
)
2024-11-13 14:58:48.655 INFO: Number of parameters: 2803984
2024-11-13 14:58:48.655 INFO: Optimizer: Adam (
Parameter Group 0
    amsgrad: True
    betas: (0.9, 0.999)
    capturable: False
    differentiable: False
    eps: 1e-08
    foreach: None
    fused: False
    lr: 0.01
    maximize: False
    name: embedding
    weight_decay: 0.0

Parameter Group 1
    amsgrad: True
    betas: (0.9, 0.999)
    capturable: False
    differentiable: False
    eps: 1e-08
    foreach: None
    fused: False
    lr: 0.01
    maximize: False
    name: interactions
    weight_decay: 5e-07

Parameter Group 2
    amsgrad: True
    betas: (0.9, 0.999)
    capturable: False
    differentiable: False
    eps: 1e-08
    foreach: None
    fused: False
    lr: 0.01
    maximize: False
    name: products
    weight_decay: 0.0

Parameter Group 3
    amsgrad: True
    betas: (0.9, 0.999)
    capturable: False
    differentiable: False
    eps: 1e-08
    foreach: None
    fused: False
    lr: 0.01
    maximize: False
    name: readouts
    weight_decay: 0.0
)
2024-11-13 14:58:48.656 INFO: Started training
2024-11-13 14:59:34.805 INFO: Configuration: Namespace(name='gaunt-3bpa', seed=6, log_dir='logs', checkpoints_dir='checkpoints', results_dir='results', downloads_dir='downloads', device='cuda', default_dtype='float32', log_level='INFO', model='EquivariantRealScaleShiftNonLinearBodyOrderedModel', r_max=5.0, degrees=None, num_radial_basis=8, num_cutoff_basis=5, num_radial_coupling=1, interaction='RealAgnosticResidualInteractionBlock', interaction_first='RealAgnosticResidualInteractionBlock', max_ell=3, correlation=3, num_interactions=2, MLP_irreps='16x0e', hidden_irreps='256x0e + 256x1o + 256x2e', gate='silu', scaling='rms_forces_scaling', avg_num_neighbors=1, compute_avg_num_neighbors=True, dataset='3bpa', subset='train_300K', split=None, loss='weighted', forces_weight=1000.0, energy_weight=1.0, optimizer='adam', batch_size=5, lr=0.01, weight_decay=5e-07, amsgrad=True, scheduler='ReduceLROnPlateau', lr_factor=0.8, scheduler_partience=50, lr_scheduler_gamma=0.9993, swa=False, ema=True, ema_decay=0.99, max_num_epochs=2000, patience=256, eval_interval=2, keep_checkpoints=False, restart_latest=False)
2024-11-13 14:59:35.014 INFO: CUDA version: 11.7, CUDA device: 0
2024-11-13 14:59:35.014 INFO: Loading 3BPA dataset
2024-11-13 14:59:39.086 INFO: Number of configurations: train=450, valid=50, tests=[1669, 2138, 2139, 7047]
2024-11-13 14:59:39.088 INFO: AtomicNumberTable: (1, 6, 7, 8)
2024-11-13 14:59:39.677 INFO: WeightedEnergyForcesLoss(energy_weight=1.000, forces_weight=1000.000)
2024-11-13 14:59:39.717 INFO: Average number of neighbors: 16.712
2024-11-13 14:59:39.717 INFO: Building model
2024-11-13 14:59:40.922 INFO: EquivariantRealScaleShiftNonLinearBodyOrderedModel(
  (node_embedding): LinearNodeEmbeddingBlock(
    (linear): Linear(4x0e -> 256x0e | 1024 weights)
  )
  (radial_embedding): RadialEmbeddingBlock(
    (bessel_fn): BesselBasis(r_max=5.0, num_basis=8, trainable=False)
    (cutoff_fn): PolynomialCutoff(p=5.0, r_max=5.0)
  )
  (spherical_harmonics): SphericalHarmonics()
  (atomic_energies_fn): AtomicEnergiesBlock(energies=[-13.5872, -1029.4890, -1484.9814, -2041.9816])
  (interactions): ModuleList(
    (0): RealAgnosticResidualInteractionBlock(
      (linear_up): Linear(256x0e -> 256x0e | 65536 weights)
      (conv_tp): TensorProduct(256x0e x 1x0e+1x1o+1x2e+1x3o -> 256x0e+256x1o+256x2e+256x3o | 1024 paths | 1024 weights)
      (conv_tp_weights): FullyConnectedNet[8, 64, 64, 64, 1024]
      (linear): Linear(256x0e+256x1o+256x2e+256x3o -> 256x0e+256x1o+256x2e+256x3o | 262144 weights)
      (skip_tp): FullyConnectedTensorProduct(256x0e x 4x0e -> 256x0e+256x1o+256x2e | 262144 paths | 262144 weights)
      (reshape): reshape_irreps()
    )
    (1): RealAgnosticResidualInteractionBlock(
      (linear_up): Linear(256x0e+256x1o+256x2e -> 256x0e+256x1o+256x2e | 196608 weights)
      (conv_tp): TensorProduct(256x0e+256x1o+256x2e x 1x0e+1x1o+1x2e+1x3o -> 768x0e+1280x1o+1280x2e+1024x3o | 4352 paths | 4352 weights)
      (conv_tp_weights): FullyConnectedNet[8, 64, 64, 64, 4352]
      (linear): Linear(768x0e+1280x1o+1280x2e+1024x3o -> 256x0e+256x1o+256x2e+256x3o | 1114112 weights)
      (skip_tp): FullyConnectedTensorProduct(256x0e+256x1o+256x2e x 4x0e -> 256x0e | 262144 paths | 262144 weights)
      (reshape): reshape_irreps()
    )
  )
  (products): ModuleList(
    (0): EquivariantProductBasisBlock(
      (efficient_multi_tensorproduct): EfficientMultiTensorProduct(
        (weights): ParameterDict(
            (1): Parameter containing: [torch.cuda.FloatTensor of size 1x4x256x3 (GPU 0)]
            (2): Parameter containing: [torch.cuda.FloatTensor of size 1x4x256x3 (GPU 0)]
            (3): Parameter containing: [torch.cuda.FloatTensor of size 1x4x256x3 (GPU 0)]
        )
      )
      (linear): Linear(256x0e+256x1o+256x2e -> 256x0e+256x1o+256x2e | 196608 weights)
    )
    (1): EquivariantProductBasisBlock(
      (efficient_multi_tensorproduct): EfficientMultiTensorProduct(
        (weights): ParameterDict(
            (1): Parameter containing: [torch.cuda.FloatTensor of size 1x4x256x1 (GPU 0)]
            (2): Parameter containing: [torch.cuda.FloatTensor of size 1x4x256x1 (GPU 0)]
            (3): Parameter containing: [torch.cuda.FloatTensor of size 1x4x256x1 (GPU 0)]
        )
      )
      (linear): Linear(256x0e -> 256x0e | 65536 weights)
    )
  )
  (readouts): ModuleList(
    (0): LinearReadoutBlock(
      (linear): Linear(256x0e+256x1o+256x2e -> 1x0e | 256 weights)
    )
    (1): NonLinearReadoutBlock(
      (linear_1): Linear(256x0e -> 16x0e | 4096 weights)
      (non_linearity): Activation [x] (16x0e -> 16x0e)
      (linear_2): Linear(16x0e -> 1x0e | 16 weights)
    )
  )
  (scale_shift): ScaleShiftBlock(scale=0.945654, shift=-4.873201)
)
2024-11-13 14:59:40.924 INFO: Number of parameters: 2803984
2024-11-13 14:59:40.924 INFO: Optimizer: Adam (
Parameter Group 0
    amsgrad: True
    betas: (0.9, 0.999)
    capturable: False
    differentiable: False
    eps: 1e-08
    foreach: None
    fused: False
    lr: 0.01
    maximize: False
    name: embedding
    weight_decay: 0.0

Parameter Group 1
    amsgrad: True
    betas: (0.9, 0.999)
    capturable: False
    differentiable: False
    eps: 1e-08
    foreach: None
    fused: False
    lr: 0.01
    maximize: False
    name: interactions
    weight_decay: 5e-07

Parameter Group 2
    amsgrad: True
    betas: (0.9, 0.999)
    capturable: False
    differentiable: False
    eps: 1e-08
    foreach: None
    fused: False
    lr: 0.01
    maximize: False
    name: products
    weight_decay: 0.0

Parameter Group 3
    amsgrad: True
    betas: (0.9, 0.999)
    capturable: False
    differentiable: False
    eps: 1e-08
    foreach: None
    fused: False
    lr: 0.01
    maximize: False
    name: readouts
    weight_decay: 0.0
)
2024-11-13 14:59:40.924 INFO: Started training
2024-11-13 15:06:23.585 INFO: Configuration: Namespace(name='gaunt-3bpa', seed=6, log_dir='logs', checkpoints_dir='checkpoints', results_dir='results', downloads_dir='downloads', device='cuda', default_dtype='float32', log_level='INFO', model='EquivariantRealScaleShiftNonLinearBodyOrderedModel', r_max=5.0, degrees=None, num_radial_basis=8, num_cutoff_basis=5, num_radial_coupling=1, interaction='RealAgnosticResidualInteractionBlock', interaction_first='RealAgnosticResidualInteractionBlock', max_ell=3, correlation=3, num_interactions=2, MLP_irreps='16x0e', hidden_irreps='256x0e + 256x1o + 256x2e', gate='silu', scaling='rms_forces_scaling', avg_num_neighbors=1, compute_avg_num_neighbors=True, dataset='3bpa', subset='train_300K', split=None, loss='weighted', forces_weight=1000.0, energy_weight=1.0, optimizer='adam', batch_size=5, lr=0.01, weight_decay=5e-07, amsgrad=True, scheduler='ReduceLROnPlateau', lr_factor=0.8, scheduler_partience=50, lr_scheduler_gamma=0.9993, swa=False, ema=True, ema_decay=0.99, max_num_epochs=2000, patience=256, eval_interval=2, keep_checkpoints=False, restart_latest=False)
2024-11-13 15:06:23.800 INFO: CUDA version: 11.7, CUDA device: 0
2024-11-13 15:06:23.800 INFO: Loading 3BPA dataset
2024-11-13 15:06:27.915 INFO: Number of configurations: train=450, valid=50, tests=[1669, 2138, 2139, 7047]
2024-11-13 15:06:27.917 INFO: AtomicNumberTable: (1, 6, 7, 8)
2024-11-13 15:06:28.810 INFO: WeightedEnergyForcesLoss(energy_weight=1.000, forces_weight=1000.000)
2024-11-13 15:06:28.870 INFO: Average number of neighbors: 16.712
2024-11-13 15:06:28.870 INFO: Building model
2024-11-13 15:06:59.533 INFO: Configuration: Namespace(name='gaunt-3bpa', seed=6, log_dir='logs', checkpoints_dir='checkpoints', results_dir='results', downloads_dir='downloads', device='cuda', default_dtype='float32', log_level='INFO', model='EquivariantRealScaleShiftNonLinearBodyOrderedModel', r_max=5.0, degrees=None, num_radial_basis=8, num_cutoff_basis=5, num_radial_coupling=1, interaction='RealAgnosticResidualInteractionBlock', interaction_first='RealAgnosticResidualInteractionBlock', max_ell=3, correlation=3, num_interactions=2, MLP_irreps='16x0e', hidden_irreps='256x0e + 256x1o + 256x2e', gate='silu', scaling='rms_forces_scaling', avg_num_neighbors=1, compute_avg_num_neighbors=True, dataset='3bpa', subset='train_300K', split=None, loss='weighted', forces_weight=1000.0, energy_weight=1.0, optimizer='adam', batch_size=5, lr=0.01, weight_decay=5e-07, amsgrad=True, scheduler='ReduceLROnPlateau', lr_factor=0.8, scheduler_partience=50, lr_scheduler_gamma=0.9993, swa=False, ema=True, ema_decay=0.99, max_num_epochs=2000, patience=256, eval_interval=2, keep_checkpoints=False, restart_latest=False)
2024-11-13 15:06:59.754 INFO: CUDA version: 11.7, CUDA device: 0
2024-11-13 15:06:59.754 INFO: Loading 3BPA dataset
2024-11-13 15:07:03.658 INFO: Number of configurations: train=450, valid=50, tests=[1669, 2138, 2139, 7047]
2024-11-13 15:07:03.660 INFO: AtomicNumberTable: (1, 6, 7, 8)
2024-11-13 15:07:04.252 INFO: WeightedEnergyForcesLoss(energy_weight=1.000, forces_weight=1000.000)
2024-11-13 15:07:04.293 INFO: Average number of neighbors: 16.712
2024-11-13 15:07:04.293 INFO: Building model
2024-11-13 15:07:05.522 INFO: EquivariantRealScaleShiftNonLinearBodyOrderedModel(
  (node_embedding): LinearNodeEmbeddingBlock(
    (linear): Linear(4x0e -> 256x0e | 1024 weights)
  )
  (radial_embedding): RadialEmbeddingBlock(
    (bessel_fn): BesselBasis(r_max=5.0, num_basis=8, trainable=False)
    (cutoff_fn): PolynomialCutoff(p=5.0, r_max=5.0)
  )
  (spherical_harmonics): SphericalHarmonics()
  (atomic_energies_fn): AtomicEnergiesBlock(energies=[-13.5872, -1029.4890, -1484.9814, -2041.9816])
  (interactions): ModuleList(
    (0): RealAgnosticResidualInteractionBlock(
      (linear_up): Linear(256x0e -> 256x0e | 65536 weights)
      (conv_tp): TensorProduct(256x0e x 1x0e+1x1o+1x2e+1x3o -> 256x0e+256x1o+256x2e+256x3o | 1024 paths | 1024 weights)
      (conv_tp_weights): FullyConnectedNet[8, 64, 64, 64, 1024]
      (linear): Linear(256x0e+256x1o+256x2e+256x3o -> 256x0e+256x1o+256x2e+256x3o | 262144 weights)
      (skip_tp): FullyConnectedTensorProduct(256x0e x 4x0e -> 256x0e+256x1o+256x2e | 262144 paths | 262144 weights)
      (reshape): reshape_irreps()
    )
    (1): RealAgnosticResidualInteractionBlock(
      (linear_up): Linear(256x0e+256x1o+256x2e -> 256x0e+256x1o+256x2e | 196608 weights)
      (conv_tp): TensorProduct(256x0e+256x1o+256x2e x 1x0e+1x1o+1x2e+1x3o -> 768x0e+1280x1o+1280x2e+1024x3o | 4352 paths | 4352 weights)
      (conv_tp_weights): FullyConnectedNet[8, 64, 64, 64, 4352]
      (linear): Linear(768x0e+1280x1o+1280x2e+1024x3o -> 256x0e+256x1o+256x2e+256x3o | 1114112 weights)
      (skip_tp): FullyConnectedTensorProduct(256x0e+256x1o+256x2e x 4x0e -> 256x0e | 262144 paths | 262144 weights)
      (reshape): reshape_irreps()
    )
  )
  (products): ModuleList(
    (0): EquivariantProductBasisBlock(
      (efficient_multi_tensorproduct): EfficientMultiTensorProduct(
        (weights): ParameterDict(
            (1): Parameter containing: [torch.cuda.FloatTensor of size 1x4x256x3 (GPU 0)]
            (2): Parameter containing: [torch.cuda.FloatTensor of size 1x4x256x3 (GPU 0)]
            (3): Parameter containing: [torch.cuda.FloatTensor of size 1x4x256x3 (GPU 0)]
        )
      )
      (linear): Linear(256x0e+256x1o+256x2e -> 256x0e+256x1o+256x2e | 196608 weights)
    )
    (1): EquivariantProductBasisBlock(
      (efficient_multi_tensorproduct): EfficientMultiTensorProduct(
        (weights): ParameterDict(
            (1): Parameter containing: [torch.cuda.FloatTensor of size 1x4x256x1 (GPU 0)]
            (2): Parameter containing: [torch.cuda.FloatTensor of size 1x4x256x1 (GPU 0)]
            (3): Parameter containing: [torch.cuda.FloatTensor of size 1x4x256x1 (GPU 0)]
        )
      )
      (linear): Linear(256x0e -> 256x0e | 65536 weights)
    )
  )
  (readouts): ModuleList(
    (0): LinearReadoutBlock(
      (linear): Linear(256x0e+256x1o+256x2e -> 1x0e | 256 weights)
    )
    (1): NonLinearReadoutBlock(
      (linear_1): Linear(256x0e -> 16x0e | 4096 weights)
      (non_linearity): Activation [x] (16x0e -> 16x0e)
      (linear_2): Linear(16x0e -> 1x0e | 16 weights)
    )
  )
  (scale_shift): ScaleShiftBlock(scale=0.945654, shift=-4.873201)
)
2024-11-13 15:07:05.524 INFO: Number of parameters: 2803984
2024-11-13 15:07:05.524 INFO: Optimizer: Adam (
Parameter Group 0
    amsgrad: True
    betas: (0.9, 0.999)
    capturable: False
    differentiable: False
    eps: 1e-08
    foreach: None
    fused: False
    lr: 0.01
    maximize: False
    name: embedding
    weight_decay: 0.0

Parameter Group 1
    amsgrad: True
    betas: (0.9, 0.999)
    capturable: False
    differentiable: False
    eps: 1e-08
    foreach: None
    fused: False
    lr: 0.01
    maximize: False
    name: interactions
    weight_decay: 5e-07

Parameter Group 2
    amsgrad: True
    betas: (0.9, 0.999)
    capturable: False
    differentiable: False
    eps: 1e-08
    foreach: None
    fused: False
    lr: 0.01
    maximize: False
    name: products
    weight_decay: 0.0

Parameter Group 3
    amsgrad: True
    betas: (0.9, 0.999)
    capturable: False
    differentiable: False
    eps: 1e-08
    foreach: None
    fused: False
    lr: 0.01
    maximize: False
    name: readouts
    weight_decay: 0.0
)
2024-11-13 15:07:05.524 INFO: Started training
2024-11-13 15:08:12.637 INFO: Configuration: Namespace(name='gaunt-3bpa', seed=6, log_dir='logs', checkpoints_dir='checkpoints', results_dir='results', downloads_dir='downloads', device='cuda', default_dtype='float32', log_level='INFO', model='EquivariantRealScaleShiftNonLinearBodyOrderedModel', r_max=5.0, degrees=None, num_radial_basis=8, num_cutoff_basis=5, num_radial_coupling=1, interaction='RealAgnosticResidualInteractionBlock', interaction_first='RealAgnosticResidualInteractionBlock', max_ell=3, correlation=3, num_interactions=2, MLP_irreps='16x0e', hidden_irreps='256x0e + 256x1o + 256x2e', gate='silu', scaling='rms_forces_scaling', avg_num_neighbors=1, compute_avg_num_neighbors=True, dataset='3bpa', subset='train_300K', split=None, loss='weighted', forces_weight=1000.0, energy_weight=1.0, optimizer='adam', batch_size=5, lr=0.01, weight_decay=5e-07, amsgrad=True, scheduler='ReduceLROnPlateau', lr_factor=0.8, scheduler_partience=50, lr_scheduler_gamma=0.9993, swa=False, ema=True, ema_decay=0.99, max_num_epochs=2000, patience=256, eval_interval=2, keep_checkpoints=False, restart_latest=False)
2024-11-13 15:08:12.848 INFO: CUDA version: 11.7, CUDA device: 0
2024-11-13 15:08:12.848 INFO: Loading 3BPA dataset
2024-11-13 15:08:16.950 INFO: Number of configurations: train=450, valid=50, tests=[1669, 2138, 2139, 7047]
2024-11-13 15:08:16.952 INFO: AtomicNumberTable: (1, 6, 7, 8)
2024-11-13 15:08:17.848 INFO: WeightedEnergyForcesLoss(energy_weight=1.000, forces_weight=1000.000)
2024-11-13 15:08:17.907 INFO: Average number of neighbors: 16.712
2024-11-13 15:08:17.907 INFO: Building model
2024-11-13 15:08:19.123 INFO: EquivariantRealScaleShiftNonLinearBodyOrderedModel(
  (node_embedding): LinearNodeEmbeddingBlock(
    (linear): Linear(4x0e -> 256x0e | 1024 weights)
  )
  (radial_embedding): RadialEmbeddingBlock(
    (bessel_fn): BesselBasis(r_max=5.0, num_basis=8, trainable=False)
    (cutoff_fn): PolynomialCutoff(p=5.0, r_max=5.0)
  )
  (spherical_harmonics): SphericalHarmonics()
  (atomic_energies_fn): AtomicEnergiesBlock(energies=[-13.5872, -1029.4890, -1484.9814, -2041.9816])
  (interactions): ModuleList(
    (0): RealAgnosticResidualInteractionBlock(
      (linear_up): Linear(256x0e -> 256x0e | 65536 weights)
      (conv_tp): TensorProduct(256x0e x 1x0e+1x1o+1x2e+1x3o -> 256x0e+256x1o+256x2e+256x3o | 1024 paths | 1024 weights)
      (conv_tp_weights): FullyConnectedNet[8, 64, 64, 64, 1024]
      (linear): Linear(256x0e+256x1o+256x2e+256x3o -> 256x0e+256x1o+256x2e+256x3o | 262144 weights)
      (skip_tp): FullyConnectedTensorProduct(256x0e x 4x0e -> 256x0e+256x1o+256x2e | 262144 paths | 262144 weights)
      (reshape): reshape_irreps()
    )
    (1): RealAgnosticResidualInteractionBlock(
      (linear_up): Linear(256x0e+256x1o+256x2e -> 256x0e+256x1o+256x2e | 196608 weights)
      (conv_tp): TensorProduct(256x0e+256x1o+256x2e x 1x0e+1x1o+1x2e+1x3o -> 768x0e+1280x1o+1280x2e+1024x3o | 4352 paths | 4352 weights)
      (conv_tp_weights): FullyConnectedNet[8, 64, 64, 64, 4352]
      (linear): Linear(768x0e+1280x1o+1280x2e+1024x3o -> 256x0e+256x1o+256x2e+256x3o | 1114112 weights)
      (skip_tp): FullyConnectedTensorProduct(256x0e+256x1o+256x2e x 4x0e -> 256x0e | 262144 paths | 262144 weights)
      (reshape): reshape_irreps()
    )
  )
  (products): ModuleList(
    (0): EquivariantProductBasisBlock(
      (efficient_multi_tensorproduct): EfficientMultiTensorProduct(
        (weights): ParameterDict(
            (1): Parameter containing: [torch.cuda.FloatTensor of size 1x4x256x3 (GPU 0)]
            (2): Parameter containing: [torch.cuda.FloatTensor of size 1x4x256x3 (GPU 0)]
            (3): Parameter containing: [torch.cuda.FloatTensor of size 1x4x256x3 (GPU 0)]
        )
      )
      (linear): Linear(256x0e+256x1o+256x2e -> 256x0e+256x1o+256x2e | 196608 weights)
    )
    (1): EquivariantProductBasisBlock(
      (efficient_multi_tensorproduct): EfficientMultiTensorProduct(
        (weights): ParameterDict(
            (1): Parameter containing: [torch.cuda.FloatTensor of size 1x4x256x1 (GPU 0)]
            (2): Parameter containing: [torch.cuda.FloatTensor of size 1x4x256x1 (GPU 0)]
            (3): Parameter containing: [torch.cuda.FloatTensor of size 1x4x256x1 (GPU 0)]
        )
      )
      (linear): Linear(256x0e -> 256x0e | 65536 weights)
    )
  )
  (readouts): ModuleList(
    (0): LinearReadoutBlock(
      (linear): Linear(256x0e+256x1o+256x2e -> 1x0e | 256 weights)
    )
    (1): NonLinearReadoutBlock(
      (linear_1): Linear(256x0e -> 16x0e | 4096 weights)
      (non_linearity): Activation [x] (16x0e -> 16x0e)
      (linear_2): Linear(16x0e -> 1x0e | 16 weights)
    )
  )
  (scale_shift): ScaleShiftBlock(scale=0.945654, shift=-4.873201)
)
2024-11-13 15:08:19.124 INFO: Number of parameters: 2803984
2024-11-13 15:08:19.124 INFO: Optimizer: Adam (
Parameter Group 0
    amsgrad: True
    betas: (0.9, 0.999)
    capturable: False
    differentiable: False
    eps: 1e-08
    foreach: None
    fused: False
    lr: 0.01
    maximize: False
    name: embedding
    weight_decay: 0.0

Parameter Group 1
    amsgrad: True
    betas: (0.9, 0.999)
    capturable: False
    differentiable: False
    eps: 1e-08
    foreach: None
    fused: False
    lr: 0.01
    maximize: False
    name: interactions
    weight_decay: 5e-07

Parameter Group 2
    amsgrad: True
    betas: (0.9, 0.999)
    capturable: False
    differentiable: False
    eps: 1e-08
    foreach: None
    fused: False
    lr: 0.01
    maximize: False
    name: products
    weight_decay: 0.0

Parameter Group 3
    amsgrad: True
    betas: (0.9, 0.999)
    capturable: False
    differentiable: False
    eps: 1e-08
    foreach: None
    fused: False
    lr: 0.01
    maximize: False
    name: readouts
    weight_decay: 0.0
)
2024-11-13 15:08:19.124 INFO: Started training
2024-11-13 15:08:54.475 INFO: Configuration: Namespace(name='gaunt-3bpa', seed=6, log_dir='logs', checkpoints_dir='checkpoints', results_dir='results', downloads_dir='downloads', device='cuda', default_dtype='float32', log_level='INFO', model='EquivariantRealScaleShiftNonLinearBodyOrderedModel', r_max=5.0, degrees=None, num_radial_basis=8, num_cutoff_basis=5, num_radial_coupling=1, interaction='RealAgnosticResidualInteractionBlock', interaction_first='RealAgnosticResidualInteractionBlock', max_ell=3, correlation=3, num_interactions=2, MLP_irreps='16x0e', hidden_irreps='256x0e + 256x1o + 256x2e', gate='silu', scaling='rms_forces_scaling', avg_num_neighbors=1, compute_avg_num_neighbors=True, dataset='3bpa', subset='train_300K', split=None, loss='weighted', forces_weight=1000.0, energy_weight=1.0, optimizer='adam', batch_size=5, lr=0.01, weight_decay=5e-07, amsgrad=True, scheduler='ReduceLROnPlateau', lr_factor=0.8, scheduler_partience=50, lr_scheduler_gamma=0.9993, swa=False, ema=True, ema_decay=0.99, max_num_epochs=2000, patience=256, eval_interval=2, keep_checkpoints=False, restart_latest=False)
2024-11-13 15:08:54.688 INFO: CUDA version: 11.7, CUDA device: 0
2024-11-13 15:08:54.688 INFO: Loading 3BPA dataset
2024-11-13 15:08:58.465 INFO: Number of configurations: train=450, valid=50, tests=[1669, 2138, 2139, 7047]
2024-11-13 15:08:58.467 INFO: AtomicNumberTable: (1, 6, 7, 8)
2024-11-13 15:08:59.055 INFO: WeightedEnergyForcesLoss(energy_weight=1.000, forces_weight=1000.000)
2024-11-13 15:08:59.093 INFO: Average number of neighbors: 16.712
2024-11-13 15:08:59.093 INFO: Building model
2024-11-13 15:09:00.312 INFO: EquivariantRealScaleShiftNonLinearBodyOrderedModel(
  (node_embedding): LinearNodeEmbeddingBlock(
    (linear): Linear(4x0e -> 256x0e | 1024 weights)
  )
  (radial_embedding): RadialEmbeddingBlock(
    (bessel_fn): BesselBasis(r_max=5.0, num_basis=8, trainable=False)
    (cutoff_fn): PolynomialCutoff(p=5.0, r_max=5.0)
  )
  (spherical_harmonics): SphericalHarmonics()
  (atomic_energies_fn): AtomicEnergiesBlock(energies=[-13.5872, -1029.4890, -1484.9814, -2041.9816])
  (interactions): ModuleList(
    (0): RealAgnosticResidualInteractionBlock(
      (linear_up): Linear(256x0e -> 256x0e | 65536 weights)
      (conv_tp): TensorProduct(256x0e x 1x0e+1x1o+1x2e+1x3o -> 256x0e+256x1o+256x2e+256x3o | 1024 paths | 1024 weights)
      (conv_tp_weights): FullyConnectedNet[8, 64, 64, 64, 1024]
      (linear): Linear(256x0e+256x1o+256x2e+256x3o -> 256x0e+256x1o+256x2e+256x3o | 262144 weights)
      (skip_tp): FullyConnectedTensorProduct(256x0e x 4x0e -> 256x0e+256x1o+256x2e | 262144 paths | 262144 weights)
      (reshape): reshape_irreps()
    )
    (1): RealAgnosticResidualInteractionBlock(
      (linear_up): Linear(256x0e+256x1o+256x2e -> 256x0e+256x1o+256x2e | 196608 weights)
      (conv_tp): TensorProduct(256x0e+256x1o+256x2e x 1x0e+1x1o+1x2e+1x3o -> 768x0e+1280x1o+1280x2e+1024x3o | 4352 paths | 4352 weights)
      (conv_tp_weights): FullyConnectedNet[8, 64, 64, 64, 4352]
      (linear): Linear(768x0e+1280x1o+1280x2e+1024x3o -> 256x0e+256x1o+256x2e+256x3o | 1114112 weights)
      (skip_tp): FullyConnectedTensorProduct(256x0e+256x1o+256x2e x 4x0e -> 256x0e | 262144 paths | 262144 weights)
      (reshape): reshape_irreps()
    )
  )
  (products): ModuleList(
    (0): EquivariantProductBasisBlock(
      (efficient_multi_tensorproduct): EfficientMultiTensorProduct(
        (weights): ParameterDict(
            (1): Parameter containing: [torch.cuda.FloatTensor of size 1x4x256x3 (GPU 0)]
            (2): Parameter containing: [torch.cuda.FloatTensor of size 1x4x256x3 (GPU 0)]
            (3): Parameter containing: [torch.cuda.FloatTensor of size 1x4x256x3 (GPU 0)]
        )
      )
      (linear): Linear(256x0e+256x1o+256x2e -> 256x0e+256x1o+256x2e | 196608 weights)
    )
    (1): EquivariantProductBasisBlock(
      (efficient_multi_tensorproduct): EfficientMultiTensorProduct(
        (weights): ParameterDict(
            (1): Parameter containing: [torch.cuda.FloatTensor of size 1x4x256x1 (GPU 0)]
            (2): Parameter containing: [torch.cuda.FloatTensor of size 1x4x256x1 (GPU 0)]
            (3): Parameter containing: [torch.cuda.FloatTensor of size 1x4x256x1 (GPU 0)]
        )
      )
      (linear): Linear(256x0e -> 256x0e | 65536 weights)
    )
  )
  (readouts): ModuleList(
    (0): LinearReadoutBlock(
      (linear): Linear(256x0e+256x1o+256x2e -> 1x0e | 256 weights)
    )
    (1): NonLinearReadoutBlock(
      (linear_1): Linear(256x0e -> 16x0e | 4096 weights)
      (non_linearity): Activation [x] (16x0e -> 16x0e)
      (linear_2): Linear(16x0e -> 1x0e | 16 weights)
    )
  )
  (scale_shift): ScaleShiftBlock(scale=0.945654, shift=-4.873201)
)
2024-11-13 15:09:00.314 INFO: Number of parameters: 2803984
2024-11-13 15:09:00.314 INFO: Optimizer: Adam (
Parameter Group 0
    amsgrad: True
    betas: (0.9, 0.999)
    capturable: False
    differentiable: False
    eps: 1e-08
    foreach: None
    fused: False
    lr: 0.01
    maximize: False
    name: embedding
    weight_decay: 0.0

Parameter Group 1
    amsgrad: True
    betas: (0.9, 0.999)
    capturable: False
    differentiable: False
    eps: 1e-08
    foreach: None
    fused: False
    lr: 0.01
    maximize: False
    name: interactions
    weight_decay: 5e-07

Parameter Group 2
    amsgrad: True
    betas: (0.9, 0.999)
    capturable: False
    differentiable: False
    eps: 1e-08
    foreach: None
    fused: False
    lr: 0.01
    maximize: False
    name: products
    weight_decay: 0.0

Parameter Group 3
    amsgrad: True
    betas: (0.9, 0.999)
    capturable: False
    differentiable: False
    eps: 1e-08
    foreach: None
    fused: False
    lr: 0.01
    maximize: False
    name: readouts
    weight_decay: 0.0
)
2024-11-13 15:09:00.314 INFO: Started training
2024-11-13 15:09:44.660 INFO: Configuration: Namespace(name='gaunt-3bpa', seed=6, log_dir='logs', checkpoints_dir='checkpoints', results_dir='results', downloads_dir='downloads', device='cuda', default_dtype='float32', log_level='INFO', model='EquivariantRealScaleShiftNonLinearBodyOrderedModel', r_max=5.0, degrees=None, num_radial_basis=8, num_cutoff_basis=5, num_radial_coupling=1, interaction='RealAgnosticResidualInteractionBlock', interaction_first='RealAgnosticResidualInteractionBlock', max_ell=3, correlation=3, num_interactions=2, MLP_irreps='16x0e', hidden_irreps='256x0e + 256x1o + 256x2e', gate='silu', scaling='rms_forces_scaling', avg_num_neighbors=1, compute_avg_num_neighbors=True, dataset='3bpa', subset='train_300K', split=None, loss='weighted', forces_weight=1000.0, energy_weight=1.0, optimizer='adam', batch_size=5, lr=0.01, weight_decay=5e-07, amsgrad=True, scheduler='ReduceLROnPlateau', lr_factor=0.8, scheduler_partience=50, lr_scheduler_gamma=0.9993, swa=False, ema=True, ema_decay=0.99, max_num_epochs=2000, patience=256, eval_interval=2, keep_checkpoints=False, restart_latest=False)
2024-11-13 15:09:44.884 INFO: CUDA version: 11.7, CUDA device: 0
2024-11-13 15:09:44.884 INFO: Loading 3BPA dataset
2024-11-13 15:09:48.871 INFO: Number of configurations: train=450, valid=50, tests=[1669, 2138, 2139, 7047]
2024-11-13 15:09:48.873 INFO: AtomicNumberTable: (1, 6, 7, 8)
2024-11-13 15:09:49.767 INFO: WeightedEnergyForcesLoss(energy_weight=1.000, forces_weight=1000.000)
2024-11-13 15:09:49.823 INFO: Average number of neighbors: 16.712
2024-11-13 15:09:49.823 INFO: Building model
2024-11-13 15:09:51.060 INFO: EquivariantRealScaleShiftNonLinearBodyOrderedModel(
  (node_embedding): LinearNodeEmbeddingBlock(
    (linear): Linear(4x0e -> 256x0e | 1024 weights)
  )
  (radial_embedding): RadialEmbeddingBlock(
    (bessel_fn): BesselBasis(r_max=5.0, num_basis=8, trainable=False)
    (cutoff_fn): PolynomialCutoff(p=5.0, r_max=5.0)
  )
  (spherical_harmonics): SphericalHarmonics()
  (atomic_energies_fn): AtomicEnergiesBlock(energies=[-13.5872, -1029.4890, -1484.9814, -2041.9816])
  (interactions): ModuleList(
    (0): RealAgnosticResidualInteractionBlock(
      (linear_up): Linear(256x0e -> 256x0e | 65536 weights)
      (conv_tp): TensorProduct(256x0e x 1x0e+1x1o+1x2e+1x3o -> 256x0e+256x1o+256x2e+256x3o | 1024 paths | 1024 weights)
      (conv_tp_weights): FullyConnectedNet[8, 64, 64, 64, 1024]
      (linear): Linear(256x0e+256x1o+256x2e+256x3o -> 256x0e+256x1o+256x2e+256x3o | 262144 weights)
      (skip_tp): FullyConnectedTensorProduct(256x0e x 4x0e -> 256x0e+256x1o+256x2e | 262144 paths | 262144 weights)
      (reshape): reshape_irreps()
    )
    (1): RealAgnosticResidualInteractionBlock(
      (linear_up): Linear(256x0e+256x1o+256x2e -> 256x0e+256x1o+256x2e | 196608 weights)
      (conv_tp): TensorProduct(256x0e+256x1o+256x2e x 1x0e+1x1o+1x2e+1x3o -> 768x0e+1280x1o+1280x2e+1024x3o | 4352 paths | 4352 weights)
      (conv_tp_weights): FullyConnectedNet[8, 64, 64, 64, 4352]
      (linear): Linear(768x0e+1280x1o+1280x2e+1024x3o -> 256x0e+256x1o+256x2e+256x3o | 1114112 weights)
      (skip_tp): FullyConnectedTensorProduct(256x0e+256x1o+256x2e x 4x0e -> 256x0e | 262144 paths | 262144 weights)
      (reshape): reshape_irreps()
    )
  )
  (products): ModuleList(
    (0): EquivariantProductBasisBlock(
      (efficient_multi_tensorproduct): EfficientMultiTensorProduct(
        (weights): ParameterDict(
            (1): Parameter containing: [torch.cuda.FloatTensor of size 1x4x256x3 (GPU 0)]
            (2): Parameter containing: [torch.cuda.FloatTensor of size 1x4x256x3 (GPU 0)]
            (3): Parameter containing: [torch.cuda.FloatTensor of size 1x4x256x3 (GPU 0)]
        )
      )
      (linear): Linear(256x0e+256x1o+256x2e -> 256x0e+256x1o+256x2e | 196608 weights)
    )
    (1): EquivariantProductBasisBlock(
      (efficient_multi_tensorproduct): EfficientMultiTensorProduct(
        (weights): ParameterDict(
            (1): Parameter containing: [torch.cuda.FloatTensor of size 1x4x256x1 (GPU 0)]
            (2): Parameter containing: [torch.cuda.FloatTensor of size 1x4x256x1 (GPU 0)]
            (3): Parameter containing: [torch.cuda.FloatTensor of size 1x4x256x1 (GPU 0)]
        )
      )
      (linear): Linear(256x0e -> 256x0e | 65536 weights)
    )
  )
  (readouts): ModuleList(
    (0): LinearReadoutBlock(
      (linear): Linear(256x0e+256x1o+256x2e -> 1x0e | 256 weights)
    )
    (1): NonLinearReadoutBlock(
      (linear_1): Linear(256x0e -> 16x0e | 4096 weights)
      (non_linearity): Activation [x] (16x0e -> 16x0e)
      (linear_2): Linear(16x0e -> 1x0e | 16 weights)
    )
  )
  (scale_shift): ScaleShiftBlock(scale=0.945654, shift=-4.873201)
)
2024-11-13 15:09:51.062 INFO: Number of parameters: 2803984
2024-11-13 15:09:51.062 INFO: Optimizer: Adam (
Parameter Group 0
    amsgrad: True
    betas: (0.9, 0.999)
    capturable: False
    differentiable: False
    eps: 1e-08
    foreach: None
    fused: False
    lr: 0.01
    maximize: False
    name: embedding
    weight_decay: 0.0

Parameter Group 1
    amsgrad: True
    betas: (0.9, 0.999)
    capturable: False
    differentiable: False
    eps: 1e-08
    foreach: None
    fused: False
    lr: 0.01
    maximize: False
    name: interactions
    weight_decay: 5e-07

Parameter Group 2
    amsgrad: True
    betas: (0.9, 0.999)
    capturable: False
    differentiable: False
    eps: 1e-08
    foreach: None
    fused: False
    lr: 0.01
    maximize: False
    name: products
    weight_decay: 0.0

Parameter Group 3
    amsgrad: True
    betas: (0.9, 0.999)
    capturable: False
    differentiable: False
    eps: 1e-08
    foreach: None
    fused: False
    lr: 0.01
    maximize: False
    name: readouts
    weight_decay: 0.0
)
2024-11-13 15:09:51.063 INFO: Started training
2024-11-13 15:10:04.046 INFO: Configuration: Namespace(name='gaunt-3bpa', seed=6, log_dir='logs', checkpoints_dir='checkpoints', results_dir='results', downloads_dir='downloads', device='cuda', default_dtype='float32', log_level='INFO', model='EquivariantRealScaleShiftNonLinearBodyOrderedModel', r_max=5.0, degrees=None, num_radial_basis=8, num_cutoff_basis=5, num_radial_coupling=1, interaction='RealAgnosticResidualInteractionBlock', interaction_first='RealAgnosticResidualInteractionBlock', max_ell=3, correlation=3, num_interactions=2, MLP_irreps='16x0e', hidden_irreps='256x0e + 256x1o + 256x2e', gate='silu', scaling='rms_forces_scaling', avg_num_neighbors=1, compute_avg_num_neighbors=True, dataset='3bpa', subset='train_300K', split=None, loss='weighted', forces_weight=1000.0, energy_weight=1.0, optimizer='adam', batch_size=5, lr=0.01, weight_decay=5e-07, amsgrad=True, scheduler='ReduceLROnPlateau', lr_factor=0.8, scheduler_partience=50, lr_scheduler_gamma=0.9993, swa=False, ema=True, ema_decay=0.99, max_num_epochs=2000, patience=256, eval_interval=2, keep_checkpoints=False, restart_latest=False)
2024-11-13 15:10:04.260 INFO: CUDA version: 11.7, CUDA device: 0
2024-11-13 15:10:04.260 INFO: Loading 3BPA dataset
2024-11-13 15:10:08.036 INFO: Number of configurations: train=450, valid=50, tests=[1669, 2138, 2139, 7047]
2024-11-13 15:10:08.038 INFO: AtomicNumberTable: (1, 6, 7, 8)
2024-11-13 15:10:08.927 INFO: WeightedEnergyForcesLoss(energy_weight=1.000, forces_weight=1000.000)
2024-11-13 15:10:08.983 INFO: Average number of neighbors: 16.712
2024-11-13 15:10:08.983 INFO: Building model
2024-11-13 15:10:10.193 INFO: EquivariantRealScaleShiftNonLinearBodyOrderedModel(
  (node_embedding): LinearNodeEmbeddingBlock(
    (linear): Linear(4x0e -> 256x0e | 1024 weights)
  )
  (radial_embedding): RadialEmbeddingBlock(
    (bessel_fn): BesselBasis(r_max=5.0, num_basis=8, trainable=False)
    (cutoff_fn): PolynomialCutoff(p=5.0, r_max=5.0)
  )
  (spherical_harmonics): SphericalHarmonics()
  (atomic_energies_fn): AtomicEnergiesBlock(energies=[-13.5872, -1029.4890, -1484.9814, -2041.9816])
  (interactions): ModuleList(
    (0): RealAgnosticResidualInteractionBlock(
      (linear_up): Linear(256x0e -> 256x0e | 65536 weights)
      (conv_tp): TensorProduct(256x0e x 1x0e+1x1o+1x2e+1x3o -> 256x0e+256x1o+256x2e+256x3o | 1024 paths | 1024 weights)
      (conv_tp_weights): FullyConnectedNet[8, 64, 64, 64, 1024]
      (linear): Linear(256x0e+256x1o+256x2e+256x3o -> 256x0e+256x1o+256x2e+256x3o | 262144 weights)
      (skip_tp): FullyConnectedTensorProduct(256x0e x 4x0e -> 256x0e+256x1o+256x2e | 262144 paths | 262144 weights)
      (reshape): reshape_irreps()
    )
    (1): RealAgnosticResidualInteractionBlock(
      (linear_up): Linear(256x0e+256x1o+256x2e -> 256x0e+256x1o+256x2e | 196608 weights)
      (conv_tp): TensorProduct(256x0e+256x1o+256x2e x 1x0e+1x1o+1x2e+1x3o -> 768x0e+1280x1o+1280x2e+1024x3o | 4352 paths | 4352 weights)
      (conv_tp_weights): FullyConnectedNet[8, 64, 64, 64, 4352]
      (linear): Linear(768x0e+1280x1o+1280x2e+1024x3o -> 256x0e+256x1o+256x2e+256x3o | 1114112 weights)
      (skip_tp): FullyConnectedTensorProduct(256x0e+256x1o+256x2e x 4x0e -> 256x0e | 262144 paths | 262144 weights)
      (reshape): reshape_irreps()
    )
  )
  (products): ModuleList(
    (0): EquivariantProductBasisBlock(
      (efficient_multi_tensorproduct): EfficientMultiTensorProduct(
        (weights): ParameterDict(
            (1): Parameter containing: [torch.cuda.FloatTensor of size 1x4x256x3 (GPU 0)]
            (2): Parameter containing: [torch.cuda.FloatTensor of size 1x4x256x3 (GPU 0)]
            (3): Parameter containing: [torch.cuda.FloatTensor of size 1x4x256x3 (GPU 0)]
        )
      )
      (linear): Linear(256x0e+256x1o+256x2e -> 256x0e+256x1o+256x2e | 196608 weights)
    )
    (1): EquivariantProductBasisBlock(
      (efficient_multi_tensorproduct): EfficientMultiTensorProduct(
        (weights): ParameterDict(
            (1): Parameter containing: [torch.cuda.FloatTensor of size 1x4x256x1 (GPU 0)]
            (2): Parameter containing: [torch.cuda.FloatTensor of size 1x4x256x1 (GPU 0)]
            (3): Parameter containing: [torch.cuda.FloatTensor of size 1x4x256x1 (GPU 0)]
        )
      )
      (linear): Linear(256x0e -> 256x0e | 65536 weights)
    )
  )
  (readouts): ModuleList(
    (0): LinearReadoutBlock(
      (linear): Linear(256x0e+256x1o+256x2e -> 1x0e | 256 weights)
    )
    (1): NonLinearReadoutBlock(
      (linear_1): Linear(256x0e -> 16x0e | 4096 weights)
      (non_linearity): Activation [x] (16x0e -> 16x0e)
      (linear_2): Linear(16x0e -> 1x0e | 16 weights)
    )
  )
  (scale_shift): ScaleShiftBlock(scale=0.945654, shift=-4.873201)
)
2024-11-13 15:10:10.195 INFO: Number of parameters: 2803984
2024-11-13 15:10:10.195 INFO: Optimizer: Adam (
Parameter Group 0
    amsgrad: True
    betas: (0.9, 0.999)
    capturable: False
    differentiable: False
    eps: 1e-08
    foreach: None
    fused: False
    lr: 0.01
    maximize: False
    name: embedding
    weight_decay: 0.0

Parameter Group 1
    amsgrad: True
    betas: (0.9, 0.999)
    capturable: False
    differentiable: False
    eps: 1e-08
    foreach: None
    fused: False
    lr: 0.01
    maximize: False
    name: interactions
    weight_decay: 5e-07

Parameter Group 2
    amsgrad: True
    betas: (0.9, 0.999)
    capturable: False
    differentiable: False
    eps: 1e-08
    foreach: None
    fused: False
    lr: 0.01
    maximize: False
    name: products
    weight_decay: 0.0

Parameter Group 3
    amsgrad: True
    betas: (0.9, 0.999)
    capturable: False
    differentiable: False
    eps: 1e-08
    foreach: None
    fused: False
    lr: 0.01
    maximize: False
    name: readouts
    weight_decay: 0.0
)
2024-11-13 15:10:10.195 INFO: Started training
